[2022-10-20 07:37:35.916] [exthost] [info] Extension host with pid 4190 started
[2022-10-20 07:37:35.922] [exthost] [error] Error: EEXIST: file already exists, open '/home/ruslik/.vscode-server/data/User/workspaceStorage/4780c67b579ba355008d3545ef3288a3/vscode.lock'
[2022-10-20 07:37:35.928] [exthost] [info] Lock '/home/ruslik/.vscode-server/data/User/workspaceStorage/4780c67b579ba355008d3545ef3288a3/vscode.lock': Could not acquire lock, checking if the file is stale.
[2022-10-20 07:37:35.934] [exthost] [info] Lock '/home/ruslik/.vscode-server/data/User/workspaceStorage/4780c67b579ba355008d3545ef3288a3/vscode.lock': The lock does not look stale, elapsed: 599 ms, giving up.
[2022-10-20 07:37:35.935] [exthost] [error] Error: EEXIST: file already exists, open '/home/ruslik/.vscode-server/data/User/workspaceStorage/4780c67b579ba355008d3545ef3288a3-1/vscode.lock'
[2022-10-20 07:37:35.936] [exthost] [info] Lock '/home/ruslik/.vscode-server/data/User/workspaceStorage/4780c67b579ba355008d3545ef3288a3-1/vscode.lock': Could not acquire lock, checking if the file is stale.
[2022-10-20 07:37:35.937] [exthost] [info] Lock '/home/ruslik/.vscode-server/data/User/workspaceStorage/4780c67b579ba355008d3545ef3288a3-1/vscode.lock': The lock does not look stale, elapsed: 403 ms, giving up.
[2022-10-20 07:37:35.942] [exthost] [info] Lock '/home/ruslik/.vscode-server/data/User/workspaceStorage/4780c67b579ba355008d3545ef3288a3-2/vscode.lock': Lock acquired.
[2022-10-20 07:37:36.015] [exthost] [info] ExtensionService#_doActivateExtension vscode.php-language-features, startup: false, activationEvent: 'onLanguage:php'
[2022-10-20 07:37:36.059] [exthost] [info] ExtensionService#_doActivateExtension vscode.debug-auto-launch, startup: true, activationEvent: '*'
[2022-10-20 07:37:36.069] [exthost] [info] ExtensionService#_doActivateExtension vscode.git-base, startup: true, activationEvent: '*', root cause: vscode.git
[2022-10-20 07:37:36.080] [exthost] [info] ExtensionService#_doActivateExtension vscode.ipynb, startup: true, activationEvent: '*'
[2022-10-20 07:37:36.390] [exthost] [info] ExtensionService#_doActivateExtension vscode.git, startup: true, activationEvent: '*'
[2022-10-20 07:37:36.557] [exthost] [info] ExtensionService#_doActivateExtension vscode.github, startup: true, activationEvent: '*'
[2022-10-20 07:37:36.767] [exthost] [info] ExtensionService#_doActivateExtension vscode.emmet, startup: false, activationEvent: 'onStartupFinished'
[2022-10-20 07:37:36.819] [exthost] [info] ExtensionService#_doActivateExtension vscode.merge-conflict, startup: false, activationEvent: 'onStartupFinished'
[2022-10-20 07:37:36.834] [exthost] [info] Eager extensions activated
[2022-10-20 07:37:37.288] [exthost] [warning] [Decorations] CAPPING events from decorations provider vscode.git 2014
[2022-10-20 07:37:38.337] [exthost] [warning] [Decorations] CAPPING events from decorations provider vscode.git 2014
[2022-10-20 07:37:39.335] [exthost] [info] ExtensionService#_doActivateExtension vscode.html-language-features, startup: false, activationEvent: 'onLanguage:html'
[2022-10-20 07:38:39.871] [exthost] [warning] [Decorations] CAPPING events from decorations provider vscode.git 2015
[2022-10-20 07:44:55.151] [exthost] [warning] [Decorations] CAPPING events from decorations provider vscode.git 2016
[2022-10-20 07:45:16.164] [exthost] [info] ExtensionService#_doActivateExtension ms-azuretools.vscode-docker, startup: false, activationEvent: 'onView:dockerContainers'
[2022-10-20 07:59:59.239] [exthost] [warning] [Decorations] CAPPING events from decorations provider vscode.git 2019
[2022-10-20 08:06:35.514] [exthost] [warning] [Decorations] CAPPING events from decorations provider vscode.git 2020
[2022-10-20 08:06:40.724] [exthost] [warning] [Decorations] CAPPING events from decorations provider vscode.git 2018
[2022-10-20 08:06:45.923] [exthost] [warning] [Decorations] CAPPING events from decorations provider vscode.git 2018
[2022-10-20 08:06:51.122] [exthost] [warning] [Decorations] CAPPING events from decorations provider vscode.git 2018
[2022-10-20 08:06:56.344] [exthost] [warning] [Decorations] CAPPING events from decorations provider vscode.git 2018
[2022-10-20 08:07:01.511] [exthost] [warning] [Decorations] CAPPING events from decorations provider vscode.git 2018
[2022-10-20 08:07:06.740] [exthost] [warning] [Decorations] CAPPING events from decorations provider vscode.git 2018
[2022-10-20 08:07:11.964] [exthost] [warning] [Decorations] CAPPING events from decorations provider vscode.git 2018
[2022-10-20 08:07:17.182] [exthost] [warning] [Decorations] CAPPING events from decorations provider vscode.git 2018
[2022-10-20 08:07:22.380] [exthost] [warning] [Decorations] CAPPING events from decorations provider vscode.git 2018
[2022-10-20 08:07:27.622] [exthost] [warning] [Decorations] CAPPING events from decorations provider vscode.git 2018
[2022-10-20 08:07:32.865] [exthost] [warning] [Decorations] CAPPING events from decorations provider vscode.git 2018
[2022-10-20 08:07:38.106] [exthost] [warning] [Decorations] CAPPING events from decorations provider vscode.git 2018
[2022-10-20 08:07:43.324] [exthost] [warning] [Decorations] CAPPING events from decorations provider vscode.git 2018
[2022-10-20 08:07:48.557] [exthost] [warning] [Decorations] CAPPING events from decorations provider vscode.git 2018
[2022-10-20 08:07:53.768] [exthost] [warning] [Decorations] CAPPING events from decorations provider vscode.git 2018
[2022-10-20 08:07:58.988] [exthost] [warning] [Decorations] CAPPING events from decorations provider vscode.git 2018
[2022-10-20 08:08:04.209] [exthost] [warning] [Decorations] CAPPING events from decorations provider vscode.git 2018
[2022-10-20 08:08:09.416] [exthost] [warning] [Decorations] CAPPING events from decorations provider vscode.git 2018
[2022-10-20 08:08:14.624] [exthost] [warning] [Decorations] CAPPING events from decorations provider vscode.git 2018
[2022-10-20 08:08:51.392] [exthost] [warning] [Decorations] CAPPING events from decorations provider vscode.git 2018
[2022-10-20 08:08:56.638] [exthost] [warning] [Decorations] CAPPING events from decorations provider vscode.git 2018
[2022-10-20 08:09:01.865] [exthost] [warning] [Decorations] CAPPING events from decorations provider vscode.git 2018
[2022-10-20 08:09:07.606] [exthost] [warning] [Decorations] CAPPING events from decorations provider vscode.git 2018
[2022-10-20 08:09:12.830] [exthost] [warning] [Decorations] CAPPING events from decorations provider vscode.git 2018
[2022-10-20 08:09:18.058] [exthost] [warning] [Decorations] CAPPING events from decorations provider vscode.git 2018
[2022-10-20 08:09:23.253] [exthost] [warning] [Decorations] CAPPING events from decorations provider vscode.git 2018
[2022-10-20 08:09:28.480] [exthost] [warning] [Decorations] CAPPING events from decorations provider vscode.git 2018
[2022-10-20 08:09:34.406] [exthost] [warning] [Decorations] CAPPING events from decorations provider vscode.git 2018
[2022-10-20 08:09:39.612] [exthost] [warning] [Decorations] CAPPING events from decorations provider vscode.git 2018
[2022-10-20 08:09:44.825] [exthost] [warning] [Decorations] CAPPING events from decorations provider vscode.git 2018
[2022-10-20 08:09:50.145] [exthost] [warning] [Decorations] CAPPING events from decorations provider vscode.git 2018
[2022-10-20 08:09:55.365] [exthost] [warning] [Decorations] CAPPING events from decorations provider vscode.git 2018
[2022-10-20 08:10:00.585] [exthost] [warning] [Decorations] CAPPING events from decorations provider vscode.git 2018
[2022-10-20 08:10:05.808] [exthost] [warning] [Decorations] CAPPING events from decorations provider vscode.git 2018
[2022-10-20 08:10:11.023] [exthost] [warning] [Decorations] CAPPING events from decorations provider vscode.git 2018
[2022-10-20 08:10:16.271] [exthost] [warning] [Decorations] CAPPING events from decorations provider vscode.git 2018
[2022-10-20 08:10:21.522] [exthost] [warning] [Decorations] CAPPING events from decorations provider vscode.git 2018
[2022-10-20 08:10:26.750] [exthost] [warning] [Decorations] CAPPING events from decorations provider vscode.git 2018
[2022-10-20 08:10:31.975] [exthost] [warning] [Decorations] CAPPING events from decorations provider vscode.git 2018
[2022-10-20 08:10:37.188] [exthost] [warning] [Decorations] CAPPING events from decorations provider vscode.git 2018
[2022-10-20 08:10:42.402] [exthost] [warning] [Decorations] CAPPING events from decorations provider vscode.git 2018
[2022-10-20 08:10:51.900] [exthost] [warning] [Decorations] CAPPING events from decorations provider vscode.git 2018
[2022-10-20 08:10:57.167] [exthost] [warning] [Decorations] CAPPING events from decorations provider vscode.git 2018
[2022-10-20 08:11:02.373] [exthost] [warning] [Decorations] CAPPING events from decorations provider vscode.git 2018
[2022-10-20 08:11:07.599] [exthost] [warning] [Decorations] CAPPING events from decorations provider vscode.git 2018
[2022-10-20 08:11:12.818] [exthost] [warning] [Decorations] CAPPING events from decorations provider vscode.git 2019
[2022-10-20 08:11:18.025] [exthost] [warning] [Decorations] CAPPING events from decorations provider vscode.git 2019
[2022-10-20 08:11:23.288] [exthost] [warning] [Decorations] CAPPING events from decorations provider vscode.git 2019
[2022-10-20 08:11:28.543] [exthost] [warning] [Decorations] CAPPING events from decorations provider vscode.git 2019
[2022-10-20 08:11:33.792] [exthost] [warning] [Decorations] CAPPING events from decorations provider vscode.git 2019
[2022-10-20 08:11:39.016] [exthost] [warning] [Decorations] CAPPING events from decorations provider vscode.git 2019
[2022-10-20 08:11:44.240] [exthost] [warning] [Decorations] CAPPING events from decorations provider vscode.git 2019
[2022-10-20 08:11:55.307] [exthost] [warning] [Decorations] CAPPING events from decorations provider vscode.git 2019
[2022-10-20 08:12:00.527] [exthost] [warning] [Decorations] CAPPING events from decorations provider vscode.git 2019
[2022-10-20 08:12:05.796] [exthost] [warning] [Decorations] CAPPING events from decorations provider vscode.git 2019
[2022-10-20 08:12:11.020] [exthost] [warning] [Decorations] CAPPING events from decorations provider vscode.git 2019
[2022-10-20 08:12:16.245] [exthost] [warning] [Decorations] CAPPING events from decorations provider vscode.git 2019
[2022-10-20 08:12:21.489] [exthost] [warning] [Decorations] CAPPING events from decorations provider vscode.git 2019
[2022-10-20 08:12:32.315] [exthost] [warning] [Decorations] CAPPING events from decorations provider vscode.git 2019
[2022-10-20 08:12:37.556] [exthost] [warning] [Decorations] CAPPING events from decorations provider vscode.git 2019
[2022-10-20 08:12:42.756] [exthost] [warning] [Decorations] CAPPING events from decorations provider vscode.git 2019
[2022-10-20 08:12:47.971] [exthost] [warning] [Decorations] CAPPING events from decorations provider vscode.git 2019
[2022-10-20 08:12:53.217] [exthost] [warning] [Decorations] CAPPING events from decorations provider vscode.git 2019
[2022-10-20 08:12:58.447] [exthost] [warning] [Decorations] CAPPING events from decorations provider vscode.git 2019
[2022-10-20 08:13:03.670] [exthost] [warning] [Decorations] CAPPING events from decorations provider vscode.git 2019
[2022-10-20 08:13:08.877] [exthost] [warning] [Decorations] CAPPING events from decorations provider vscode.git 2019
[2022-10-20 08:13:14.094] [exthost] [warning] [Decorations] CAPPING events from decorations provider vscode.git 2019
[2022-10-20 08:13:19.296] [exthost] [warning] [Decorations] CAPPING events from decorations provider vscode.git 2019
[2022-10-20 08:13:24.511] [exthost] [warning] [Decorations] CAPPING events from decorations provider vscode.git 2019
[2022-10-20 08:13:29.729] [exthost] [warning] [Decorations] CAPPING events from decorations provider vscode.git 2019
[2022-10-20 08:13:45.845] [exthost] [warning] [Decorations] CAPPING events from decorations provider vscode.git 2019
[2022-10-20 08:13:51.041] [exthost] [warning] [Decorations] CAPPING events from decorations provider vscode.git 2019
[2022-10-20 08:13:56.260] [exthost] [warning] [Decorations] CAPPING events from decorations provider vscode.git 2019
[2022-10-20 08:14:02.001] [exthost] [warning] [Decorations] CAPPING events from decorations provider vscode.git 2019
[2022-10-20 08:14:07.315] [exthost] [warning] [Decorations] CAPPING events from decorations provider vscode.git 2019
[2022-10-20 08:14:12.946] [exthost] [warning] [Decorations] CAPPING events from decorations provider vscode.git 2019
[2022-10-20 08:14:18.171] [exthost] [warning] [Decorations] CAPPING events from decorations provider vscode.git 2019
[2022-10-20 08:14:23.405] [exthost] [warning] [Decorations] CAPPING events from decorations provider vscode.git 2019
[2022-10-20 08:14:28.626] [exthost] [warning] [Decorations] CAPPING events from decorations provider vscode.git 2019
[2022-10-20 08:14:33.854] [exthost] [warning] [Decorations] CAPPING events from decorations provider vscode.git 2019
[2022-10-20 08:14:39.064] [exthost] [warning] [Decorations] CAPPING events from decorations provider vscode.git 2019
[2022-10-20 08:14:44.302] [exthost] [warning] [Decorations] CAPPING events from decorations provider vscode.git 2019
[2022-10-20 08:14:49.521] [exthost] [warning] [Decorations] CAPPING events from decorations provider vscode.git 2019
[2022-10-20 08:14:54.748] [exthost] [warning] [Decorations] CAPPING events from decorations provider vscode.git 2019
[2022-10-20 08:14:59.974] [exthost] [warning] [Decorations] CAPPING events from decorations provider vscode.git 2019
[2022-10-20 08:15:05.212] [exthost] [warning] [Decorations] CAPPING events from decorations provider vscode.git 2019
[2022-10-20 08:15:10.441] [exthost] [warning] [Decorations] CAPPING events from decorations provider vscode.git 2019
[2022-10-20 08:15:15.699] [exthost] [warning] [Decorations] CAPPING events from decorations provider vscode.git 2019
[2022-10-20 08:15:20.936] [exthost] [warning] [Decorations] CAPPING events from decorations provider vscode.git 2019
[2022-10-20 08:15:26.154] [exthost] [warning] [Decorations] CAPPING events from decorations provider vscode.git 2019
[2022-10-20 08:15:31.362] [exthost] [warning] [Decorations] CAPPING events from decorations provider vscode.git 2019
[2022-10-20 08:15:36.574] [exthost] [warning] [Decorations] CAPPING events from decorations provider vscode.git 2019
[2022-10-20 08:15:41.795] [exthost] [warning] [Decorations] CAPPING events from decorations provider vscode.git 2019
[2022-10-20 08:15:47.014] [exthost] [warning] [Decorations] CAPPING events from decorations provider vscode.git 2019
[2022-10-20 08:15:52.242] [exthost] [warning] [Decorations] CAPPING events from decorations provider vscode.git 2019
[2022-10-20 08:15:57.484] [exthost] [warning] [Decorations] CAPPING events from decorations provider vscode.git 2019
[2022-10-20 08:16:02.702] [exthost] [warning] [Decorations] CAPPING events from decorations provider vscode.git 2019
[2022-10-20 08:16:07.924] [exthost] [warning] [Decorations] CAPPING events from decorations provider vscode.git 2019
[2022-10-20 08:16:13.167] [exthost] [warning] [Decorations] CAPPING events from decorations provider vscode.git 2019
[2022-10-20 08:16:18.382] [exthost] [warning] [Decorations] CAPPING events from decorations provider vscode.git 2019
[2022-10-20 08:16:23.617] [exthost] [warning] [Decorations] CAPPING events from decorations provider vscode.git 2019
[2022-10-20 08:16:28.828] [exthost] [warning] [Decorations] CAPPING events from decorations provider vscode.git 2019
[2022-10-20 08:16:34.038] [exthost] [warning] [Decorations] CAPPING events from decorations provider vscode.git 2019
[2022-10-20 08:16:39.278] [exthost] [warning] [Decorations] CAPPING events from decorations provider vscode.git 2019
[2022-10-20 08:16:44.508] [exthost] [warning] [Decorations] CAPPING events from decorations provider vscode.git 2019
[2022-10-20 08:16:49.738] [exthost] [warning] [Decorations] CAPPING events from decorations provider vscode.git 2019
[2022-10-20 08:16:54.955] [exthost] [warning] [Decorations] CAPPING events from decorations provider vscode.git 2019
[2022-10-20 08:17:00.168] [exthost] [warning] [Decorations] CAPPING events from decorations provider vscode.git 2019
[2022-10-20 08:17:05.380] [exthost] [warning] [Decorations] CAPPING events from decorations provider vscode.git 2019
[2022-10-20 08:17:10.605] [exthost] [warning] [Decorations] CAPPING events from decorations provider vscode.git 2019
[2022-10-20 08:17:15.848] [exthost] [warning] [Decorations] CAPPING events from decorations provider vscode.git 2019
[2022-10-20 08:17:21.094] [exthost] [warning] [Decorations] CAPPING events from decorations provider vscode.git 2019
[2022-10-20 08:17:26.307] [exthost] [warning] [Decorations] CAPPING events from decorations provider vscode.git 2019
[2022-10-20 08:17:31.515] [exthost] [warning] [Decorations] CAPPING events from decorations provider vscode.git 2019
[2022-10-20 08:17:36.759] [exthost] [warning] [Decorations] CAPPING events from decorations provider vscode.git 2019
[2022-10-20 08:17:41.989] [exthost] [warning] [Decorations] CAPPING events from decorations provider vscode.git 2019
[2022-10-20 08:17:47.196] [exthost] [warning] [Decorations] CAPPING events from decorations provider vscode.git 2019
[2022-10-20 08:17:52.407] [exthost] [warning] [Decorations] CAPPING events from decorations provider vscode.git 2019
[2022-10-20 08:17:57.629] [exthost] [warning] [Decorations] CAPPING events from decorations provider vscode.git 2019
[2022-10-20 08:18:02.849] [exthost] [warning] [Decorations] CAPPING events from decorations provider vscode.git 2019
[2022-10-20 08:18:08.088] [exthost] [warning] [Decorations] CAPPING events from decorations provider vscode.git 2019
[2022-10-20 08:18:13.326] [exthost] [warning] [Decorations] CAPPING events from decorations provider vscode.git 2019
[2022-10-20 08:18:18.561] [exthost] [warning] [Decorations] CAPPING events from decorations provider vscode.git 2019
[2022-10-20 08:18:23.774] [exthost] [warning] [Decorations] CAPPING events from decorations provider vscode.git 2019
[2022-10-20 08:18:28.990] [exthost] [warning] [Decorations] CAPPING events from decorations provider vscode.git 2019
[2022-10-20 08:18:34.201] [exthost] [warning] [Decorations] CAPPING events from decorations provider vscode.git 2019
[2022-10-20 08:18:39.438] [exthost] [warning] [Decorations] CAPPING events from decorations provider vscode.git 2019
[2022-10-20 08:18:44.641] [exthost] [warning] [Decorations] CAPPING events from decorations provider vscode.git 2019
[2022-10-20 08:18:49.882] [exthost] [warning] [Decorations] CAPPING events from decorations provider vscode.git 2019
[2022-10-20 08:18:55.103] [exthost] [warning] [Decorations] CAPPING events from decorations provider vscode.git 2019
[2022-10-20 08:19:00.327] [exthost] [warning] [Decorations] CAPPING events from decorations provider vscode.git 2019
[2022-10-20 08:19:05.550] [exthost] [warning] [Decorations] CAPPING events from decorations provider vscode.git 2019
[2022-10-20 08:19:10.786] [exthost] [warning] [Decorations] CAPPING events from decorations provider vscode.git 2019
[2022-10-20 08:19:16.015] [exthost] [warning] [Decorations] CAPPING events from decorations provider vscode.git 2019
[2022-10-20 08:19:21.244] [exthost] [warning] [Decorations] CAPPING events from decorations provider vscode.git 2019
[2022-10-20 08:19:26.463] [exthost] [warning] [Decorations] CAPPING events from decorations provider vscode.git 2019
[2022-10-20 08:19:31.692] [exthost] [warning] [Decorations] CAPPING events from decorations provider vscode.git 2019
[2022-10-20 08:19:36.914] [exthost] [warning] [Decorations] CAPPING events from decorations provider vscode.git 2019
[2022-10-20 08:19:42.138] [exthost] [warning] [Decorations] CAPPING events from decorations provider vscode.git 2019
[2022-10-20 08:19:47.408] [exthost] [warning] [Decorations] CAPPING events from decorations provider vscode.git 2019
[2022-10-20 08:19:52.604] [exthost] [warning] [Decorations] CAPPING events from decorations provider vscode.git 2019
[2022-10-20 08:19:57.833] [exthost] [warning] [Decorations] CAPPING events from decorations provider vscode.git 2019
[2022-10-20 08:20:03.062] [exthost] [warning] [Decorations] CAPPING events from decorations provider vscode.git 2019
[2022-10-20 08:20:08.297] [exthost] [warning] [Decorations] CAPPING events from decorations provider vscode.git 2019
[2022-10-20 08:20:13.508] [exthost] [warning] [Decorations] CAPPING events from decorations provider vscode.git 2019
[2022-10-20 08:20:18.710] [exthost] [warning] [Decorations] CAPPING events from decorations provider vscode.git 2019
[2022-10-20 08:20:23.944] [exthost] [warning] [Decorations] CAPPING events from decorations provider vscode.git 2019
[2022-10-20 08:20:29.185] [exthost] [warning] [Decorations] CAPPING events from decorations provider vscode.git 2019
[2022-10-20 08:20:34.418] [exthost] [warning] [Decorations] CAPPING events from decorations provider vscode.git 2019
[2022-10-20 08:20:39.661] [exthost] [warning] [Decorations] CAPPING events from decorations provider vscode.git 2019
[2022-10-20 08:20:44.869] [exthost] [warning] [Decorations] CAPPING events from decorations provider vscode.git 2019
[2022-10-20 08:20:50.077] [exthost] [warning] [Decorations] CAPPING events from decorations provider vscode.git 2019
[2022-10-20 08:20:55.285] [exthost] [warning] [Decorations] CAPPING events from decorations provider vscode.git 2019
[2022-10-20 08:21:00.526] [exthost] [warning] [Decorations] CAPPING events from decorations provider vscode.git 2019
[2022-10-20 08:21:05.756] [exthost] [warning] [Decorations] CAPPING events from decorations provider vscode.git 2019
[2022-10-20 08:21:11.012] [exthost] [warning] [Decorations] CAPPING events from decorations provider vscode.git 2019
[2022-10-20 08:21:16.241] [exthost] [warning] [Decorations] CAPPING events from decorations provider vscode.git 2019
[2022-10-20 08:21:21.475] [exthost] [warning] [Decorations] CAPPING events from decorations provider vscode.git 2019
[2022-10-20 08:21:26.736] [exthost] [warning] [Decorations] CAPPING events from decorations provider vscode.git 2019
[2022-10-20 08:21:32.091] [exthost] [warning] [Decorations] CAPPING events from decorations provider vscode.git 2019
[2022-10-20 08:21:37.302] [exthost] [warning] [Decorations] CAPPING events from decorations provider vscode.git 2019
[2022-10-20 08:21:42.525] [exthost] [warning] [Decorations] CAPPING events from decorations provider vscode.git 2019
[2022-10-20 08:21:47.720] [exthost] [warning] [Decorations] CAPPING events from decorations provider vscode.git 2019
[2022-10-20 08:21:52.966] [exthost] [warning] [Decorations] CAPPING events from decorations provider vscode.git 2019
[2022-10-20 08:21:58.191] [exthost] [warning] [Decorations] CAPPING events from decorations provider vscode.git 2019
[2022-10-20 08:22:03.435] [exthost] [warning] [Decorations] CAPPING events from decorations provider vscode.git 2019
[2022-10-20 08:22:08.646] [exthost] [warning] [Decorations] CAPPING events from decorations provider vscode.git 2019
[2022-10-20 08:22:13.861] [exthost] [warning] [Decorations] CAPPING events from decorations provider vscode.git 2019
[2022-10-20 08:22:19.116] [exthost] [warning] [Decorations] CAPPING events from decorations provider vscode.git 2019
[2022-10-20 08:22:24.380] [exthost] [warning] [Decorations] CAPPING events from decorations provider vscode.git 2019
[2022-10-20 08:22:30.291] [exthost] [warning] [Decorations] CAPPING events from decorations provider vscode.git 2019
[2022-10-20 08:22:35.502] [exthost] [warning] [Decorations] CAPPING events from decorations provider vscode.git 2019
[2022-10-20 08:22:40.773] [exthost] [warning] [Decorations] CAPPING events from decorations provider vscode.git 2019
[2022-10-20 08:22:46.002] [exthost] [warning] [Decorations] CAPPING events from decorations provider vscode.git 2019
[2022-10-20 08:22:51.211] [exthost] [warning] [Decorations] CAPPING events from decorations provider vscode.git 2019
[2022-10-20 08:22:56.436] [exthost] [warning] [Decorations] CAPPING events from decorations provider vscode.git 2019
[2022-10-20 08:23:01.645] [exthost] [warning] [Decorations] CAPPING events from decorations provider vscode.git 2019
[2022-10-20 08:23:06.856] [exthost] [warning] [Decorations] CAPPING events from decorations provider vscode.git 2019
[2022-10-20 08:23:12.090] [exthost] [warning] [Decorations] CAPPING events from decorations provider vscode.git 2019
[2022-10-20 08:23:17.335] [exthost] [warning] [Decorations] CAPPING events from decorations provider vscode.git 2019
[2022-10-20 08:23:22.545] [exthost] [warning] [Decorations] CAPPING events from decorations provider vscode.git 2019
[2022-10-20 08:23:27.762] [exthost] [warning] [Decorations] CAPPING events from decorations provider vscode.git 2019
[2022-10-20 08:23:33.011] [exthost] [warning] [Decorations] CAPPING events from decorations provider vscode.git 2019
[2022-10-20 08:23:38.242] [exthost] [warning] [Decorations] CAPPING events from decorations provider vscode.git 2019
[2022-10-20 08:23:43.456] [exthost] [warning] [Decorations] CAPPING events from decorations provider vscode.git 2019
[2022-10-20 08:23:48.667] [exthost] [warning] [Decorations] CAPPING events from decorations provider vscode.git 2019
[2022-10-20 08:23:53.869] [exthost] [warning] [Decorations] CAPPING events from decorations provider vscode.git 2019
[2022-10-20 08:23:59.095] [exthost] [warning] [Decorations] CAPPING events from decorations provider vscode.git 2019
[2022-10-20 08:24:04.311] [exthost] [warning] [Decorations] CAPPING events from decorations provider vscode.git 2019
[2022-10-20 08:24:09.529] [exthost] [warning] [Decorations] CAPPING events from decorations provider vscode.git 2019
[2022-10-20 08:24:14.726] [exthost] [warning] [Decorations] CAPPING events from decorations provider vscode.git 2019
[2022-10-20 08:24:19.957] [exthost] [warning] [Decorations] CAPPING events from decorations provider vscode.git 2019
[2022-10-20 08:24:25.191] [exthost] [warning] [Decorations] CAPPING events from decorations provider vscode.git 2019
[2022-10-20 08:24:30.409] [exthost] [warning] [Decorations] CAPPING events from decorations provider vscode.git 2019
[2022-10-20 08:24:35.632] [exthost] [warning] [Decorations] CAPPING events from decorations provider vscode.git 2019
[2022-10-20 08:24:40.868] [exthost] [warning] [Decorations] CAPPING events from decorations provider vscode.git 2019
[2022-10-20 08:24:46.092] [exthost] [warning] [Decorations] CAPPING events from decorations provider vscode.git 2019
[2022-10-20 08:24:51.354] [exthost] [warning] [Decorations] CAPPING events from decorations provider vscode.git 2019
[2022-10-20 08:24:57.084] [exthost] [warning] [Decorations] CAPPING events from decorations provider vscode.git 2019
[2022-10-20 08:25:02.287] [exthost] [warning] [Decorations] CAPPING events from decorations provider vscode.git 2019
[2022-10-20 08:25:07.517] [exthost] [warning] [Decorations] CAPPING events from decorations provider vscode.git 2019
[2022-10-20 08:25:12.764] [exthost] [warning] [Decorations] CAPPING events from decorations provider vscode.git 2019
[2022-10-20 08:25:17.974] [exthost] [warning] [Decorations] CAPPING events from decorations provider vscode.git 2019
[2022-10-20 08:25:23.198] [exthost] [warning] [Decorations] CAPPING events from decorations provider vscode.git 2019
[2022-10-20 08:25:28.431] [exthost] [warning] [Decorations] CAPPING events from decorations provider vscode.git 2019
[2022-10-20 08:25:33.637] [exthost] [warning] [Decorations] CAPPING events from decorations provider vscode.git 2019
[2022-10-20 08:25:38.887] [exthost] [warning] [Decorations] CAPPING events from decorations provider vscode.git 2019
[2022-10-20 08:25:44.111] [exthost] [warning] [Decorations] CAPPING events from decorations provider vscode.git 2019
[2022-10-20 08:25:49.331] [exthost] [warning] [Decorations] CAPPING events from decorations provider vscode.git 2019
[2022-10-20 08:25:54.558] [exthost] [warning] [Decorations] CAPPING events from decorations provider vscode.git 2019
[2022-10-20 08:25:59.776] [exthost] [warning] [Decorations] CAPPING events from decorations provider vscode.git 2019
[2022-10-20 08:26:04.981] [exthost] [warning] [Decorations] CAPPING events from decorations provider vscode.git 2019
[2022-10-20 08:26:10.218] [exthost] [warning] [Decorations] CAPPING events from decorations provider vscode.git 2019
[2022-10-20 08:26:15.437] [exthost] [warning] [Decorations] CAPPING events from decorations provider vscode.git 2019
[2022-10-20 08:26:20.667] [exthost] [warning] [Decorations] CAPPING events from decorations provider vscode.git 2019
[2022-10-20 08:26:25.888] [exthost] [warning] [Decorations] CAPPING events from decorations provider vscode.git 2019
[2022-10-20 08:26:31.126] [exthost] [warning] [Decorations] CAPPING events from decorations provider vscode.git 2019
[2022-10-20 08:26:36.342] [exthost] [warning] [Decorations] CAPPING events from decorations provider vscode.git 2019
[2022-10-20 08:26:41.540] [exthost] [warning] [Decorations] CAPPING events from decorations provider vscode.git 2019
[2022-10-20 08:26:46.730] [exthost] [warning] [Decorations] CAPPING events from decorations provider vscode.git 2019
[2022-10-20 08:27:09.920] [exthost] [warning] [Decorations] CAPPING events from decorations provider vscode.git 2019
[2022-10-20 08:27:15.154] [exthost] [warning] [Decorations] CAPPING events from decorations provider vscode.git 2019
[2022-10-20 08:27:20.385] [exthost] [warning] [Decorations] CAPPING events from decorations provider vscode.git 2019
[2022-10-20 08:27:25.597] [exthost] [warning] [Decorations] CAPPING events from decorations provider vscode.git 2019
[2022-10-20 08:27:30.851] [exthost] [warning] [Decorations] CAPPING events from decorations provider vscode.git 2019
[2022-10-20 08:27:36.062] [exthost] [warning] [Decorations] CAPPING events from decorations provider vscode.git 2019
[2022-10-20 08:27:41.101] [exthost] [info] Extension host terminating: received terminate message from renderer
[2022-10-20 08:27:41.103] [exthost] [info] Lock '/home/ruslik/.vscode-server/data/User/workspaceStorage/4780c67b579ba355008d3545ef3288a3-2/vscode.lock': Marking the lockfile as scheduled to be released in 6000 ms.
[2022-10-20 08:27:41.235] [exthost] [info] Extension host with pid 4190 exiting with code 0
