[2022-10-20T07:27:48.287Z] Log level: Info
[2022-10-20T07:27:48.296Z] [info] Validating found git in: git
[2022-10-20T07:27:48.378Z] [info] Using git 2.25.1 from git
[2022-10-20T07:27:48.488Z] > git rev-parse --show-toplevel [74ms]
[2022-10-20T07:27:48.511Z] > git rev-parse --git-dir --git-common-dir [3ms]
[2022-10-20T07:27:48.532Z] [info] Open repository: /home/ruslik
[2022-10-20T07:27:48.606Z] > git status -z -uall [56ms]
[2022-10-20T07:27:48.686Z] > git symbolic-ref --short HEAD [69ms]
[2022-10-20T07:27:48.701Z] > git for-each-ref --format=%(refname)%00%(upstream:short)%00%(objectname)%00%(upstream:track)%00%(upstream:remotename)%00%(upstream:remoteref) refs/heads/master refs/remotes/master [4ms]
[2022-10-20T07:27:48.738Z] > git remote --verbose [17ms]
[2022-10-20T07:27:48.739Z] > git for-each-ref --sort -committerdate --format %(refname) %(objectname) %(*objectname) [25ms]
[2022-10-20T07:27:49.654Z] > git check-ignore -v -z --stdin [8ms]
[2022-10-20T07:27:49.657Z] > git config --get commit.template [24ms]
[2022-10-20T07:27:49.711Z] > git status -z -uall [41ms]
[2022-10-20T07:27:49.731Z] > git symbolic-ref --short HEAD [1ms]
[2022-10-20T07:27:49.751Z] > git for-each-ref --format=%(refname)%00%(upstream:short)%00%(objectname)%00%(upstream:track)%00%(upstream:remotename)%00%(upstream:remoteref) refs/heads/master refs/remotes/master [10ms]
[2022-10-20T07:27:49.772Z] > git remote --verbose [2ms]
[2022-10-20T07:27:49.773Z] > git for-each-ref --sort -committerdate --format %(refname) %(objectname) %(*objectname) [12ms]
[2022-10-20T07:27:49.884Z] > git config --get commit.template [3ms]
[2022-10-20T07:27:50.774Z] > git check-ignore -v -z --stdin [74ms]
[2022-10-20T07:27:50.776Z] > git show --textconv :index.php [34ms]
[2022-10-20T07:27:50.778Z] > git ls-files --stage -- /home/ruslik/index.php [9ms]
[2022-10-20T07:27:50.795Z] > git cat-file -s d403747f4bc5bb757f81c45918a10407e046513e [6ms]
[2022-10-20T07:27:53.835Z] > git status -z -uall [42ms]
[2022-10-20T07:27:53.850Z] > git symbolic-ref --short HEAD [3ms]
[2022-10-20T07:27:53.863Z] > git for-each-ref --format=%(refname)%00%(upstream:short)%00%(objectname)%00%(upstream:track)%00%(upstream:remotename)%00%(upstream:remoteref) refs/heads/master refs/remotes/master [2ms]
[2022-10-20T07:27:53.888Z] > git remote --verbose [2ms]
[2022-10-20T07:27:53.889Z] > git for-each-ref --sort -committerdate --format %(refname) %(objectname) %(*objectname) [14ms]
[2022-10-20T07:27:53.975Z] > git config --get commit.template [7ms]
[2022-10-20T07:27:59.112Z] > git status -z -uall [34ms]
[2022-10-20T07:27:59.126Z] > git symbolic-ref --short HEAD [2ms]
[2022-10-20T07:27:59.139Z] > git for-each-ref --format=%(refname)%00%(upstream:short)%00%(objectname)%00%(upstream:track)%00%(upstream:remotename)%00%(upstream:remoteref) refs/heads/master refs/remotes/master [2ms]
[2022-10-20T07:27:59.163Z] > git remote --verbose [2ms]
[2022-10-20T07:27:59.164Z] > git for-each-ref --sort -committerdate --format %(refname) %(objectname) %(*objectname) [15ms]
[2022-10-20T07:27:59.255Z] > git config --get commit.template [1ms]
[2022-10-20T07:28:04.315Z] > git status -z -uall [38ms]
[2022-10-20T07:28:04.331Z] > git symbolic-ref --short HEAD [2ms]
[2022-10-20T07:28:04.343Z] > git for-each-ref --format=%(refname)%00%(upstream:short)%00%(objectname)%00%(upstream:track)%00%(upstream:remotename)%00%(upstream:remoteref) refs/heads/master refs/remotes/master [2ms]
[2022-10-20T07:28:04.368Z] > git remote --verbose [3ms]
[2022-10-20T07:28:04.369Z] > git for-each-ref --sort -committerdate --format %(refname) %(objectname) %(*objectname) [16ms]
[2022-10-20T07:28:04.454Z] > git config --get commit.template [5ms]
