[2022-10-24T01:58:02.855Z] Log level: Info
[2022-10-24T01:58:02.873Z] [info] Validating found git in: git
[2022-10-24T01:58:02.971Z] [info] Using git 2.25.1 from git
[2022-10-24T01:58:03.054Z] > git rev-parse --show-toplevel [43ms]
[2022-10-24T01:58:03.070Z] > git rev-parse --git-dir --git-common-dir [2ms]
[2022-10-24T01:58:03.082Z] [info] Open repository: /home/ruslik
[2022-10-24T01:58:03.151Z] > git status -z -uall [54ms]
[2022-10-24T01:58:03.176Z] > git symbolic-ref --short HEAD [15ms]
[2022-10-24T01:58:03.217Z] > git for-each-ref --format=%(refname)%00%(upstream:short)%00%(objectname)%00%(upstream:track)%00%(upstream:remotename)%00%(upstream:remoteref) refs/heads/master refs/remotes/master [7ms]
[2022-10-24T01:58:03.249Z] > git remote --verbose [8ms]
[2022-10-24T01:58:03.250Z] > git for-each-ref --sort -committerdate --format %(refname) %(objectname) %(*objectname) [20ms]
[2022-10-24T01:58:04.271Z] > git config --get commit.template [44ms]
[2022-10-24T01:58:04.357Z] > git status -z -uall [72ms]
[2022-10-24T01:58:04.372Z] > git symbolic-ref --short HEAD [2ms]
[2022-10-24T01:58:04.386Z] > git for-each-ref --format=%(refname)%00%(upstream:short)%00%(objectname)%00%(upstream:track)%00%(upstream:remotename)%00%(upstream:remoteref) refs/heads/master refs/remotes/master [2ms]
[2022-10-24T01:58:04.414Z] > git remote --verbose [5ms]
[2022-10-24T01:58:04.415Z] > git for-each-ref --sort -committerdate --format %(refname) %(objectname) %(*objectname) [18ms]
[2022-10-24T01:58:04.537Z] > git config --get commit.template [11ms]
[2022-10-24T01:58:05.530Z] > git show --textconv :index.html [13ms]
[2022-10-24T01:58:05.534Z] > git ls-files --stage -- /home/ruslik/index.html [5ms]
[2022-10-24T01:58:05.901Z] > git check-ignore -v -z --stdin [4ms]
[2022-10-24T02:00:02.844Z] > git status -z -uall [46ms]
[2022-10-24T02:00:02.865Z] > git symbolic-ref --short HEAD [3ms]
[2022-10-24T02:00:02.880Z] > git for-each-ref --format=%(refname)%00%(upstream:short)%00%(objectname)%00%(upstream:track)%00%(upstream:remotename)%00%(upstream:remoteref) refs/heads/master refs/remotes/master [3ms]
[2022-10-24T02:00:02.905Z] > git remote --verbose [3ms]
[2022-10-24T02:00:02.906Z] > git for-each-ref --sort -committerdate --format %(refname) %(objectname) %(*objectname) [14ms]
[2022-10-24T02:00:03.031Z] > git config --get commit.template [6ms]
[2022-10-24T02:00:08.098Z] > git status -z -uall [45ms]
[2022-10-24T02:00:08.112Z] > git symbolic-ref --short HEAD [2ms]
[2022-10-24T02:00:08.123Z] > git for-each-ref --format=%(refname)%00%(upstream:short)%00%(objectname)%00%(upstream:track)%00%(upstream:remotename)%00%(upstream:remoteref) refs/heads/master refs/remotes/master [2ms]
[2022-10-24T02:00:08.145Z] > git remote --verbose [4ms]
[2022-10-24T02:00:08.146Z] > git for-each-ref --sort -committerdate --format %(refname) %(objectname) %(*objectname) [13ms]
[2022-10-24T02:00:08.257Z] > git config --get commit.template [2ms]
[2022-10-24T02:00:08.991Z] > git ls-files --stage -- /home/ruslik/index.html [2ms]
[2022-10-24T02:00:09.012Z] > git show --textconv :index.html [3ms]
[2022-10-24T02:00:13.313Z] > git status -z -uall [31ms]
[2022-10-24T02:00:13.328Z] > git symbolic-ref --short HEAD [3ms]
[2022-10-24T02:00:13.343Z] > git for-each-ref --format=%(refname)%00%(upstream:short)%00%(objectname)%00%(upstream:track)%00%(upstream:remotename)%00%(upstream:remoteref) refs/heads/master refs/remotes/master [2ms]
[2022-10-24T02:00:13.367Z] > git remote --verbose [2ms]
[2022-10-24T02:00:13.367Z] > git for-each-ref --sort -committerdate --format %(refname) %(objectname) %(*objectname) [14ms]
[2022-10-24T02:00:13.463Z] > git config --get commit.template [5ms]
[2022-10-24T02:00:22.692Z] > git status -z -uall [39ms]
[2022-10-24T02:00:22.709Z] > git symbolic-ref --short HEAD [3ms]
[2022-10-24T02:00:22.723Z] > git for-each-ref --format=%(refname)%00%(upstream:short)%00%(objectname)%00%(upstream:track)%00%(upstream:remotename)%00%(upstream:remoteref) refs/heads/master refs/remotes/master [2ms]
[2022-10-24T02:00:22.747Z] > git remote --verbose [2ms]
[2022-10-24T02:00:22.748Z] > git for-each-ref --sort -committerdate --format %(refname) %(objectname) %(*objectname) [15ms]
[2022-10-24T02:00:22.844Z] > git config --get commit.template [11ms]
[2022-10-24T02:00:29.539Z] > git status -z -uall [32ms]
[2022-10-24T02:00:29.555Z] > git symbolic-ref --short HEAD [2ms]
[2022-10-24T02:00:29.569Z] > git for-each-ref --format=%(refname)%00%(upstream:short)%00%(objectname)%00%(upstream:track)%00%(upstream:remotename)%00%(upstream:remoteref) refs/heads/master refs/remotes/master [3ms]
[2022-10-24T02:00:29.596Z] > git remote --verbose [3ms]
[2022-10-24T02:00:29.597Z] > git for-each-ref --sort -committerdate --format %(refname) %(objectname) %(*objectname) [16ms]
[2022-10-24T02:00:29.682Z] > git config --get commit.template [12ms]
[2022-10-24T02:00:34.748Z] > git status -z -uall [46ms]
[2022-10-24T02:00:34.766Z] > git symbolic-ref --short HEAD [3ms]
[2022-10-24T02:00:34.779Z] > git for-each-ref --format=%(refname)%00%(upstream:short)%00%(objectname)%00%(upstream:track)%00%(upstream:remotename)%00%(upstream:remoteref) refs/heads/master refs/remotes/master [2ms]
[2022-10-24T02:00:34.808Z] > git for-each-ref --sort -committerdate --format %(refname) %(objectname) %(*objectname) [14ms]
[2022-10-24T02:00:34.809Z] > git remote --verbose [4ms]
[2022-10-24T02:00:34.902Z] > git config --get commit.template [13ms]
[2022-10-24T02:00:39.968Z] > git status -z -uall [46ms]
[2022-10-24T02:00:39.987Z] > git symbolic-ref --short HEAD [2ms]
[2022-10-24T02:00:40.003Z] > git for-each-ref --format=%(refname)%00%(upstream:short)%00%(objectname)%00%(upstream:track)%00%(upstream:remotename)%00%(upstream:remoteref) refs/heads/master refs/remotes/master [2ms]
[2022-10-24T02:00:40.035Z] > git remote --verbose [3ms]
[2022-10-24T02:00:40.035Z] > git for-each-ref --sort -committerdate --format %(refname) %(objectname) %(*objectname) [18ms]
[2022-10-24T02:00:40.131Z] > git config --get commit.template [11ms]
[2022-10-24T02:00:57.061Z] > git status -z -uall [37ms]
[2022-10-24T02:00:57.087Z] > git symbolic-ref --short HEAD [4ms]
[2022-10-24T02:00:57.104Z] > git for-each-ref --format=%(refname)%00%(upstream:short)%00%(objectname)%00%(upstream:track)%00%(upstream:remotename)%00%(upstream:remoteref) refs/heads/master refs/remotes/master [3ms]
[2022-10-24T02:00:57.132Z] > git remote --verbose [3ms]
[2022-10-24T02:00:57.133Z] > git for-each-ref --sort -committerdate --format %(refname) %(objectname) %(*objectname) [15ms]
[2022-10-24T02:00:57.231Z] > git config --get commit.template [2ms]
[2022-10-24T02:01:03.542Z] > git status -z -uall [41ms]
[2022-10-24T02:01:03.559Z] > git symbolic-ref --short HEAD [2ms]
[2022-10-24T02:01:03.577Z] > git for-each-ref --format=%(refname)%00%(upstream:short)%00%(objectname)%00%(upstream:track)%00%(upstream:remotename)%00%(upstream:remoteref) refs/heads/master refs/remotes/master [2ms]
[2022-10-24T02:01:03.609Z] > git remote --verbose [3ms]
[2022-10-24T02:01:03.609Z] > git for-each-ref --sort -committerdate --format %(refname) %(objectname) %(*objectname) [16ms]
[2022-10-24T02:01:03.715Z] > git config --get commit.template [1ms]
[2022-10-24T02:01:08.779Z] > git status -z -uall [37ms]
[2022-10-24T02:01:08.794Z] > git symbolic-ref --short HEAD [2ms]
[2022-10-24T02:01:08.807Z] > git for-each-ref --format=%(refname)%00%(upstream:short)%00%(objectname)%00%(upstream:track)%00%(upstream:remotename)%00%(upstream:remoteref) refs/heads/master refs/remotes/master [1ms]
[2022-10-24T02:01:08.836Z] > git remote --verbose [3ms]
[2022-10-24T02:01:08.837Z] > git for-each-ref --sort -committerdate --format %(refname) %(objectname) %(*objectname) [15ms]
[2022-10-24T02:01:08.931Z] > git config --get commit.template [10ms]
[2022-10-24T02:01:13.985Z] > git status -z -uall [31ms]
[2022-10-24T02:01:14.003Z] > git symbolic-ref --short HEAD [2ms]
[2022-10-24T02:01:14.018Z] > git for-each-ref --format=%(refname)%00%(upstream:short)%00%(objectname)%00%(upstream:track)%00%(upstream:remotename)%00%(upstream:remoteref) refs/heads/master refs/remotes/master [1ms]
[2022-10-24T02:01:14.043Z] > git remote --verbose [2ms]
[2022-10-24T02:01:14.043Z] > git for-each-ref --sort -committerdate --format %(refname) %(objectname) %(*objectname) [14ms]
[2022-10-24T02:01:14.128Z] > git config --get commit.template [11ms]
[2022-10-24T02:01:19.193Z] > git status -z -uall [38ms]
[2022-10-24T02:01:19.214Z] > git symbolic-ref --short HEAD [9ms]
[2022-10-24T02:01:19.231Z] > git for-each-ref --format=%(refname)%00%(upstream:short)%00%(objectname)%00%(upstream:track)%00%(upstream:remotename)%00%(upstream:remoteref) refs/heads/master refs/remotes/master [1ms]
[2022-10-24T02:01:19.256Z] > git remote --verbose [3ms]
[2022-10-24T02:01:19.257Z] > git for-each-ref --sort -committerdate --format %(refname) %(objectname) %(*objectname) [15ms]
[2022-10-24T02:01:19.351Z] > git config --get commit.template [9ms]
[2022-10-24T02:01:24.409Z] > git status -z -uall [39ms]
[2022-10-24T02:01:24.423Z] > git symbolic-ref --short HEAD [2ms]
[2022-10-24T02:01:24.436Z] > git for-each-ref --format=%(refname)%00%(upstream:short)%00%(objectname)%00%(upstream:track)%00%(upstream:remotename)%00%(upstream:remoteref) refs/heads/master refs/remotes/master [2ms]
[2022-10-24T02:01:24.465Z] > git remote --verbose [3ms]
[2022-10-24T02:01:24.465Z] > git for-each-ref --sort -committerdate --format %(refname) %(objectname) %(*objectname) [16ms]
[2022-10-24T02:01:24.552Z] > git config --get commit.template [11ms]
[2022-10-24T02:01:29.606Z] > git status -z -uall [37ms]
[2022-10-24T02:01:29.621Z] > git symbolic-ref --short HEAD [2ms]
[2022-10-24T02:01:29.635Z] > git for-each-ref --format=%(refname)%00%(upstream:short)%00%(objectname)%00%(upstream:track)%00%(upstream:remotename)%00%(upstream:remoteref) refs/heads/master refs/remotes/master [1ms]
[2022-10-24T02:01:29.663Z] > git remote --verbose [2ms]
[2022-10-24T02:01:29.664Z] > git for-each-ref --sort -committerdate --format %(refname) %(objectname) %(*objectname) [14ms]
[2022-10-24T02:01:29.745Z] > git config --get commit.template [11ms]
[2022-10-24T02:01:34.804Z] > git status -z -uall [37ms]
[2022-10-24T02:01:34.819Z] > git symbolic-ref --short HEAD [2ms]
[2022-10-24T02:01:34.834Z] > git for-each-ref --format=%(refname)%00%(upstream:short)%00%(objectname)%00%(upstream:track)%00%(upstream:remotename)%00%(upstream:remoteref) refs/heads/master refs/remotes/master [1ms]
[2022-10-24T02:01:34.860Z] > git remote --verbose [3ms]
[2022-10-24T02:01:34.860Z] > git for-each-ref --sort -committerdate --format %(refname) %(objectname) %(*objectname) [15ms]
[2022-10-24T02:01:34.952Z] > git config --get commit.template [10ms]
[2022-10-24T02:01:40.004Z] > git status -z -uall [31ms]
[2022-10-24T02:01:40.019Z] > git symbolic-ref --short HEAD [2ms]
[2022-10-24T02:01:40.034Z] > git for-each-ref --format=%(refname)%00%(upstream:short)%00%(objectname)%00%(upstream:track)%00%(upstream:remotename)%00%(upstream:remoteref) refs/heads/master refs/remotes/master [2ms]
[2022-10-24T02:01:40.060Z] > git remote --verbose [3ms]
[2022-10-24T02:01:40.060Z] > git for-each-ref --sort -committerdate --format %(refname) %(objectname) %(*objectname) [15ms]
[2022-10-24T02:01:40.144Z] > git config --get commit.template [10ms]
[2022-10-24T02:01:45.194Z] > git status -z -uall [29ms]
[2022-10-24T02:01:45.210Z] > git symbolic-ref --short HEAD [2ms]
[2022-10-24T02:01:45.223Z] > git for-each-ref --format=%(refname)%00%(upstream:short)%00%(objectname)%00%(upstream:track)%00%(upstream:remotename)%00%(upstream:remoteref) refs/heads/master refs/remotes/master [2ms]
[2022-10-24T02:01:45.244Z] > git for-each-ref --sort -committerdate --format %(refname) %(objectname) %(*objectname) [11ms]
[2022-10-24T02:01:45.245Z] > git remote --verbose [4ms]
[2022-10-24T02:01:45.330Z] > git config --get commit.template [8ms]
[2022-10-24T02:01:50.380Z] > git status -z -uall [34ms]
[2022-10-24T02:01:50.395Z] > git symbolic-ref --short HEAD [2ms]
[2022-10-24T02:01:50.410Z] > git for-each-ref --format=%(refname)%00%(upstream:short)%00%(objectname)%00%(upstream:track)%00%(upstream:remotename)%00%(upstream:remoteref) refs/heads/master refs/remotes/master [4ms]
[2022-10-24T02:01:50.436Z] > git for-each-ref --sort -committerdate --format %(refname) %(objectname) %(*objectname) [11ms]
[2022-10-24T02:01:50.438Z] > git remote --verbose [4ms]
[2022-10-24T02:01:50.523Z] > git config --get commit.template [11ms]
[2022-10-24T02:01:55.576Z] > git status -z -uall [39ms]
[2022-10-24T02:01:55.592Z] > git symbolic-ref --short HEAD [2ms]
[2022-10-24T02:01:55.613Z] > git for-each-ref --format=%(refname)%00%(upstream:short)%00%(objectname)%00%(upstream:track)%00%(upstream:remotename)%00%(upstream:remoteref) refs/heads/master refs/remotes/master [8ms]
[2022-10-24T02:01:55.639Z] > git remote --verbose [2ms]
[2022-10-24T02:01:55.639Z] > git for-each-ref --sort -committerdate --format %(refname) %(objectname) %(*objectname) [14ms]
[2022-10-24T02:01:55.728Z] > git config --get commit.template [13ms]
[2022-10-24T02:02:00.796Z] > git status -z -uall [42ms]
[2022-10-24T02:02:00.813Z] > git symbolic-ref --short HEAD [3ms]
[2022-10-24T02:02:00.830Z] > git for-each-ref --format=%(refname)%00%(upstream:short)%00%(objectname)%00%(upstream:track)%00%(upstream:remotename)%00%(upstream:remoteref) refs/heads/master refs/remotes/master [1ms]
[2022-10-24T02:02:00.859Z] > git remote --verbose [2ms]
[2022-10-24T02:02:00.859Z] > git for-each-ref --sort -committerdate --format %(refname) %(objectname) %(*objectname) [15ms]
[2022-10-24T02:02:00.959Z] > git config --get commit.template [13ms]
[2022-10-24T02:02:02.595Z] > git check-ignore -v -z --stdin [3ms]
[2022-10-24T02:02:06.020Z] > git status -z -uall [34ms]
[2022-10-24T02:02:06.039Z] > git symbolic-ref --short HEAD [2ms]
[2022-10-24T02:02:06.055Z] > git for-each-ref --format=%(refname)%00%(upstream:short)%00%(objectname)%00%(upstream:track)%00%(upstream:remotename)%00%(upstream:remoteref) refs/heads/master refs/remotes/master [2ms]
[2022-10-24T02:02:06.083Z] > git remote --verbose [2ms]
[2022-10-24T02:02:06.084Z] > git for-each-ref --sort -committerdate --format %(refname) %(objectname) %(*objectname) [18ms]
[2022-10-24T02:02:06.184Z] > git config --get commit.template [12ms]
[2022-10-24T02:02:11.251Z] > git status -z -uall [40ms]
[2022-10-24T02:02:11.267Z] > git symbolic-ref --short HEAD [2ms]
[2022-10-24T02:02:11.284Z] > git for-each-ref --format=%(refname)%00%(upstream:short)%00%(objectname)%00%(upstream:track)%00%(upstream:remotename)%00%(upstream:remoteref) refs/heads/master refs/remotes/master [3ms]
[2022-10-24T02:02:11.312Z] > git remote --verbose [3ms]
[2022-10-24T02:02:11.313Z] > git for-each-ref --sort -committerdate --format %(refname) %(objectname) %(*objectname) [17ms]
[2022-10-24T02:02:11.419Z] > git config --get commit.template [12ms]
[2022-10-24T02:02:16.481Z] > git status -z -uall [35ms]
[2022-10-24T02:02:16.499Z] > git symbolic-ref --short HEAD [2ms]
[2022-10-24T02:02:16.516Z] > git for-each-ref --format=%(refname)%00%(upstream:short)%00%(objectname)%00%(upstream:track)%00%(upstream:remotename)%00%(upstream:remoteref) refs/heads/master refs/remotes/master [2ms]
[2022-10-24T02:02:16.546Z] > git remote --verbose [2ms]
[2022-10-24T02:02:16.547Z] > git for-each-ref --sort -committerdate --format %(refname) %(objectname) %(*objectname) [18ms]
[2022-10-24T02:02:16.631Z] > git config --get commit.template [10ms]
[2022-10-24T02:02:21.688Z] > git status -z -uall [35ms]
[2022-10-24T02:02:21.705Z] > git symbolic-ref --short HEAD [1ms]
[2022-10-24T02:02:21.720Z] > git for-each-ref --format=%(refname)%00%(upstream:short)%00%(objectname)%00%(upstream:track)%00%(upstream:remotename)%00%(upstream:remoteref) refs/heads/master refs/remotes/master [4ms]
[2022-10-24T02:02:21.747Z] > git remote --verbose [2ms]
[2022-10-24T02:02:21.748Z] > git for-each-ref --sort -committerdate --format %(refname) %(objectname) %(*objectname) [15ms]
[2022-10-24T02:02:21.831Z] > git config --get commit.template [10ms]
[2022-10-24T02:02:26.889Z] > git status -z -uall [35ms]
[2022-10-24T02:02:26.907Z] > git symbolic-ref --short HEAD [2ms]
[2022-10-24T02:02:26.925Z] > git for-each-ref --format=%(refname)%00%(upstream:short)%00%(objectname)%00%(upstream:track)%00%(upstream:remotename)%00%(upstream:remoteref) refs/heads/master refs/remotes/master [1ms]
[2022-10-24T02:02:26.952Z] > git for-each-ref --sort -committerdate --format %(refname) %(objectname) %(*objectname) [15ms]
[2022-10-24T02:02:26.953Z] > git remote --verbose [4ms]
[2022-10-24T02:02:27.041Z] > git config --get commit.template [12ms]
[2022-10-24T02:02:32.103Z] > git status -z -uall [38ms]
[2022-10-24T02:02:32.123Z] > git symbolic-ref --short HEAD [2ms]
[2022-10-24T02:02:32.140Z] > git for-each-ref --format=%(refname)%00%(upstream:short)%00%(objectname)%00%(upstream:track)%00%(upstream:remotename)%00%(upstream:remoteref) refs/heads/master refs/remotes/master [2ms]
[2022-10-24T02:02:32.170Z] > git for-each-ref --sort -committerdate --format %(refname) %(objectname) %(*objectname) [16ms]
[2022-10-24T02:02:32.171Z] > git remote --verbose [6ms]
[2022-10-24T02:02:32.264Z] > git config --get commit.template [12ms]
[2022-10-24T02:02:35.577Z] > git ls-files --stage -- /home/ruslik/index.html [2ms]
[2022-10-24T02:02:35.604Z] > git show --textconv :index.html [3ms]
[2022-10-24T02:02:37.331Z] > git status -z -uall [45ms]
[2022-10-24T02:02:37.350Z] > git symbolic-ref --short HEAD [2ms]
[2022-10-24T02:02:37.366Z] > git for-each-ref --format=%(refname)%00%(upstream:short)%00%(objectname)%00%(upstream:track)%00%(upstream:remotename)%00%(upstream:remoteref) refs/heads/master refs/remotes/master [1ms]
[2022-10-24T02:02:37.392Z] > git remote --verbose [3ms]
[2022-10-24T02:02:37.392Z] > git for-each-ref --sort -committerdate --format %(refname) %(objectname) %(*objectname) [15ms]
[2022-10-24T02:02:37.483Z] > git config --get commit.template [1ms]
[2022-10-24T02:03:50.949Z] > git status -z -uall [43ms]
[2022-10-24T02:03:50.967Z] > git symbolic-ref --short HEAD [2ms]
[2022-10-24T02:03:50.980Z] > git for-each-ref --format=%(refname)%00%(upstream:short)%00%(objectname)%00%(upstream:track)%00%(upstream:remotename)%00%(upstream:remoteref) refs/heads/master refs/remotes/master [1ms]
[2022-10-24T02:03:51.006Z] > git remote --verbose [3ms]
[2022-10-24T02:03:51.007Z] > git for-each-ref --sort -committerdate --format %(refname) %(objectname) %(*objectname) [13ms]
[2022-10-24T02:03:51.123Z] > git config --get commit.template [2ms]
[2022-10-24T02:04:51.833Z] > git status -z -uall [51ms]
[2022-10-24T02:04:51.850Z] > git symbolic-ref --short HEAD [2ms]
[2022-10-24T02:04:51.865Z] > git for-each-ref --format=%(refname)%00%(upstream:short)%00%(objectname)%00%(upstream:track)%00%(upstream:remotename)%00%(upstream:remoteref) refs/heads/master refs/remotes/master [4ms]
[2022-10-24T02:04:51.893Z] > git for-each-ref --sort -committerdate --format %(refname) %(objectname) %(*objectname) [16ms]
[2022-10-24T02:04:51.894Z] > git remote --verbose [5ms]
[2022-10-24T02:04:52.000Z] > git config --get commit.template [11ms]
[2022-10-24T02:04:54.228Z] > git ls-files --stage -- /home/ruslik/index.html [1ms]
[2022-10-24T02:04:54.255Z] > git show --textconv :index.html [2ms]
[2022-10-24T02:05:13.747Z] > git status -z -uall [38ms]
[2022-10-24T02:05:13.763Z] > git symbolic-ref --short HEAD [2ms]
[2022-10-24T02:05:13.775Z] > git for-each-ref --format=%(refname)%00%(upstream:short)%00%(objectname)%00%(upstream:track)%00%(upstream:remotename)%00%(upstream:remoteref) refs/heads/master refs/remotes/master [2ms]
[2022-10-24T02:05:13.798Z] > git remote --verbose [2ms]
[2022-10-24T02:05:13.801Z] > git for-each-ref --sort -committerdate --format %(refname) %(objectname) %(*objectname) [15ms]
[2022-10-24T02:05:13.891Z] > git config --get commit.template [2ms]
[2022-10-24T02:05:59.326Z] > git status -z -uall [44ms]
[2022-10-24T02:05:59.343Z] > git symbolic-ref --short HEAD [2ms]
[2022-10-24T02:05:59.355Z] > git for-each-ref --format=%(refname)%00%(upstream:short)%00%(objectname)%00%(upstream:track)%00%(upstream:remotename)%00%(upstream:remoteref) refs/heads/master refs/remotes/master [2ms]
[2022-10-24T02:05:59.384Z] > git remote --verbose [3ms]
[2022-10-24T02:05:59.386Z] > git for-each-ref --sort -committerdate --format %(refname) %(objectname) %(*objectname) [17ms]
[2022-10-24T02:05:59.499Z] > git config --get commit.template [5ms]
[2022-10-24T02:06:08.566Z] > git status -z -uall [38ms]
[2022-10-24T02:06:08.582Z] > git symbolic-ref --short HEAD [1ms]
[2022-10-24T02:06:08.595Z] > git for-each-ref --format=%(refname)%00%(upstream:short)%00%(objectname)%00%(upstream:track)%00%(upstream:remotename)%00%(upstream:remoteref) refs/heads/master refs/remotes/master [2ms]
[2022-10-24T02:06:08.621Z] > git for-each-ref --sort -committerdate --format %(refname) %(objectname) %(*objectname) [12ms]
[2022-10-24T02:06:08.622Z] > git remote --verbose [5ms]
[2022-10-24T02:06:08.714Z] > git config --get commit.template [9ms]
[2022-10-24T02:06:13.500Z] > git ls-files --stage -- /home/ruslik/index.html [2ms]
[2022-10-24T02:06:13.524Z] > git show --textconv :index.html [2ms]
[2022-10-24T02:06:13.772Z] > git status -z -uall [39ms]
[2022-10-24T02:06:13.793Z] > git symbolic-ref --short HEAD [5ms]
[2022-10-24T02:06:13.811Z] > git for-each-ref --format=%(refname)%00%(upstream:short)%00%(objectname)%00%(upstream:track)%00%(upstream:remotename)%00%(upstream:remoteref) refs/heads/main refs/remotes/main [2ms]
[2022-10-24T02:06:13.845Z] > git for-each-ref --sort -committerdate --format %(refname) %(objectname) %(*objectname) [16ms]
[2022-10-24T02:06:13.847Z] > git remote --verbose [5ms]
[2022-10-24T02:06:13.959Z] > git config --get commit.template [1ms]
[2022-10-24T02:08:19.917Z] > git status -z -uall [61ms]
[2022-10-24T02:08:19.936Z] > git symbolic-ref --short HEAD [3ms]
[2022-10-24T02:08:19.950Z] > git for-each-ref --format=%(refname)%00%(upstream:short)%00%(objectname)%00%(upstream:track)%00%(upstream:remotename)%00%(upstream:remoteref) refs/heads/main refs/remotes/main [2ms]
[2022-10-24T02:08:19.976Z] > git remote --verbose [3ms]
[2022-10-24T02:08:19.976Z] > git for-each-ref --sort -committerdate --format %(refname) %(objectname) %(*objectname) [13ms]
[2022-10-24T02:08:20.117Z] > git config --get commit.template [7ms]
[2022-10-24T02:08:23.807Z] > git ls-files --stage -- /home/ruslik/index.html [2ms]
[2022-10-24T02:08:23.834Z] > git show --textconv :index.html [1ms]
[2022-10-24T02:10:15.585Z] > git status -z -uall [47ms]
[2022-10-24T02:10:15.602Z] > git symbolic-ref --short HEAD [1ms]
[2022-10-24T02:10:15.616Z] > git for-each-ref --format=%(refname)%00%(upstream:short)%00%(objectname)%00%(upstream:track)%00%(upstream:remotename)%00%(upstream:remoteref) refs/heads/main refs/remotes/main [2ms]
[2022-10-24T02:10:15.640Z] > git remote --verbose [3ms]
[2022-10-24T02:10:15.640Z] > git for-each-ref --sort -committerdate --format %(refname) %(objectname) %(*objectname) [15ms]
[2022-10-24T02:10:15.761Z] > git config --get commit.template [4ms]
[2022-10-24T02:10:20.814Z] > git status -z -uall [36ms]
[2022-10-24T02:10:20.828Z] > git symbolic-ref --short HEAD [3ms]
[2022-10-24T02:10:20.840Z] > git for-each-ref --format=%(refname)%00%(upstream:short)%00%(objectname)%00%(upstream:track)%00%(upstream:remotename)%00%(upstream:remoteref) refs/heads/main refs/remotes/main [3ms]
[2022-10-24T02:10:20.863Z] > git remote --verbose [2ms]
[2022-10-24T02:10:20.864Z] > git for-each-ref --sort -committerdate --format %(refname) %(objectname) %(*objectname) [12ms]
[2022-10-24T02:10:20.964Z] > git config --get commit.template [10ms]
[2022-10-24T02:10:26.041Z] > git status -z -uall [55ms]
[2022-10-24T02:10:26.059Z] > git symbolic-ref --short HEAD [2ms]
[2022-10-24T02:10:26.073Z] > git for-each-ref --format=%(refname)%00%(upstream:short)%00%(objectname)%00%(upstream:track)%00%(upstream:remotename)%00%(upstream:remoteref) refs/heads/main refs/remotes/main [3ms]
[2022-10-24T02:10:26.104Z] > git remote --verbose [3ms]
[2022-10-24T02:10:26.105Z] > git for-each-ref --sort -committerdate --format %(refname) %(objectname) %(*objectname) [20ms]
[2022-10-24T02:10:26.190Z] > git config --get commit.template [10ms]
[2022-10-24T02:10:31.252Z] > git status -z -uall [38ms]
[2022-10-24T02:10:31.269Z] > git symbolic-ref --short HEAD [1ms]
[2022-10-24T02:10:31.283Z] > git for-each-ref --format=%(refname)%00%(upstream:short)%00%(objectname)%00%(upstream:track)%00%(upstream:remotename)%00%(upstream:remoteref) refs/heads/main refs/remotes/main [2ms]
[2022-10-24T02:10:31.307Z] > git remote --verbose [2ms]
[2022-10-24T02:10:31.309Z] > git for-each-ref --sort -committerdate --format %(refname) %(objectname) %(*objectname) [16ms]
[2022-10-24T02:10:31.391Z] > git config --get commit.template [10ms]
[2022-10-24T02:11:57.394Z] > git status -z -uall [44ms]
[2022-10-24T02:11:57.411Z] > git symbolic-ref --short HEAD [2ms]
[2022-10-24T02:11:57.427Z] > git for-each-ref --format=%(refname)%00%(upstream:short)%00%(objectname)%00%(upstream:track)%00%(upstream:remotename)%00%(upstream:remoteref) refs/heads/main refs/remotes/main [2ms]
[2022-10-24T02:11:57.452Z] > git remote --verbose [3ms]
[2022-10-24T02:11:57.453Z] > git for-each-ref --sort -committerdate --format %(refname) %(objectname) %(*objectname) [15ms]
[2022-10-24T02:11:57.561Z] > git config --get commit.template [3ms]
[2022-10-24T02:12:02.633Z] > git status -z -uall [50ms]
[2022-10-24T02:12:02.654Z] > git symbolic-ref --short HEAD [1ms]
[2022-10-24T02:12:02.668Z] > git for-each-ref --format=%(refname)%00%(upstream:short)%00%(objectname)%00%(upstream:track)%00%(upstream:remotename)%00%(upstream:remoteref) refs/heads/main refs/remotes/main [2ms]
[2022-10-24T02:12:02.702Z] > git remote --verbose [4ms]
[2022-10-24T02:12:02.703Z] > git for-each-ref --sort -committerdate --format %(refname) %(objectname) %(*objectname) [17ms]
[2022-10-24T02:12:02.809Z] > git config --get commit.template [12ms]
[2022-10-24T02:12:11.301Z] > git status -z -uall [38ms]
[2022-10-24T02:12:11.319Z] > git symbolic-ref --short HEAD [2ms]
[2022-10-24T02:12:11.336Z] > git for-each-ref --format=%(refname)%00%(upstream:short)%00%(objectname)%00%(upstream:track)%00%(upstream:remotename)%00%(upstream:remoteref) refs/heads/main refs/remotes/main [3ms]
[2022-10-24T02:12:11.365Z] > git remote --verbose [3ms]
[2022-10-24T02:12:11.366Z] > git for-each-ref --sort -committerdate --format %(refname) %(objectname) %(*objectname) [17ms]
[2022-10-24T02:12:11.464Z] > git config --get commit.template [19ms]
[2022-10-24T02:12:16.526Z] > git status -z -uall [40ms]
[2022-10-24T02:12:16.544Z] > git symbolic-ref --short HEAD [2ms]
[2022-10-24T02:12:16.561Z] > git for-each-ref --format=%(refname)%00%(upstream:short)%00%(objectname)%00%(upstream:track)%00%(upstream:remotename)%00%(upstream:remoteref) refs/heads/main refs/remotes/main [4ms]
[2022-10-24T02:12:16.592Z] > git for-each-ref --sort -committerdate --format %(refname) %(objectname) %(*objectname) [15ms]
[2022-10-24T02:12:16.594Z] > git remote --verbose [5ms]
[2022-10-24T02:12:16.697Z] > git config --get commit.template [16ms]
[2022-10-24T02:12:21.754Z] > git status -z -uall [31ms]
[2022-10-24T02:12:21.771Z] > git symbolic-ref --short HEAD [2ms]
[2022-10-24T02:12:21.784Z] > git for-each-ref --format=%(refname)%00%(upstream:short)%00%(objectname)%00%(upstream:track)%00%(upstream:remotename)%00%(upstream:remoteref) refs/heads/main refs/remotes/main [3ms]
[2022-10-24T02:12:21.811Z] > git for-each-ref --sort -committerdate --format %(refname) %(objectname) %(*objectname) [14ms]
[2022-10-24T02:12:21.812Z] > git remote --verbose [3ms]
[2022-10-24T02:12:21.881Z] > git config --get commit.template [11ms]
[2022-10-24T02:12:26.938Z] > git status -z -uall [36ms]
[2022-10-24T02:12:26.956Z] > git symbolic-ref --short HEAD [2ms]
[2022-10-24T02:12:26.971Z] > git for-each-ref --format=%(refname)%00%(upstream:short)%00%(objectname)%00%(upstream:track)%00%(upstream:remotename)%00%(upstream:remoteref) refs/heads/main refs/remotes/main [2ms]
[2022-10-24T02:12:27.000Z] > git for-each-ref --sort -committerdate --format %(refname) %(objectname) %(*objectname) [14ms]
[2022-10-24T02:12:27.002Z] > git remote --verbose [5ms]
[2022-10-24T02:12:27.094Z] > git config --get commit.template [13ms]
[2022-10-24T02:12:28.248Z] > git show --textconv :44 1.php [18ms]
[2022-10-24T02:12:28.249Z] > git ls-files --stage -- /home/ruslik/44 1.php [3ms]
[2022-10-24T02:12:28.482Z] > git check-ignore -v -z --stdin [3ms]
[2022-10-24T02:12:53.739Z] > git status -z -uall [44ms]
[2022-10-24T02:12:53.762Z] > git symbolic-ref --short HEAD [3ms]
[2022-10-24T02:12:53.778Z] > git for-each-ref --format=%(refname)%00%(upstream:short)%00%(objectname)%00%(upstream:track)%00%(upstream:remotename)%00%(upstream:remoteref) refs/heads/main refs/remotes/main [4ms]
[2022-10-24T02:12:53.808Z] > git remote --verbose [3ms]
[2022-10-24T02:12:53.809Z] > git for-each-ref --sort -committerdate --format %(refname) %(objectname) %(*objectname) [16ms]
[2022-10-24T02:12:53.919Z] > git config --get commit.template [14ms]
[2022-10-24T02:12:58.976Z] > git status -z -uall [38ms]
[2022-10-24T02:12:58.993Z] > git symbolic-ref --short HEAD [1ms]
[2022-10-24T02:12:59.007Z] > git for-each-ref --format=%(refname)%00%(upstream:short)%00%(objectname)%00%(upstream:track)%00%(upstream:remotename)%00%(upstream:remoteref) refs/heads/main refs/remotes/main [2ms]
[2022-10-24T02:12:59.036Z] > git remote --verbose [2ms]
[2022-10-24T02:12:59.037Z] > git for-each-ref --sort -committerdate --format %(refname) %(objectname) %(*objectname) [16ms]
[2022-10-24T02:12:59.123Z] > git config --get commit.template [10ms]
[2022-10-24T02:13:04.161Z] > git status -z -uall [24ms]
[2022-10-24T02:13:04.177Z] > git symbolic-ref --short HEAD [2ms]
[2022-10-24T02:13:04.190Z] > git for-each-ref --format=%(refname)%00%(upstream:short)%00%(objectname)%00%(upstream:track)%00%(upstream:remotename)%00%(upstream:remoteref) refs/heads/main refs/remotes/main [2ms]
[2022-10-24T02:13:04.215Z] > git remote --verbose [2ms]
[2022-10-24T02:13:04.216Z] > git for-each-ref --sort -committerdate --format %(refname) %(objectname) %(*objectname) [14ms]
[2022-10-24T02:13:04.305Z] > git config --get commit.template [4ms]
[2022-10-24T02:13:09.389Z] > git status -z -uall [60ms]
[2022-10-24T02:13:09.410Z] > git symbolic-ref --short HEAD [4ms]
[2022-10-24T02:13:09.428Z] > git for-each-ref --format=%(refname)%00%(upstream:short)%00%(objectname)%00%(upstream:track)%00%(upstream:remotename)%00%(upstream:remoteref) refs/heads/main refs/remotes/main [3ms]
[2022-10-24T02:13:09.457Z] > git remote --verbose [2ms]
[2022-10-24T02:13:09.458Z] > git for-each-ref --sort -committerdate --format %(refname) %(objectname) %(*objectname) [17ms]
[2022-10-24T02:13:09.542Z] > git config --get commit.template [9ms]
[2022-10-24T02:13:14.601Z] > git status -z -uall [38ms]
[2022-10-24T02:13:14.620Z] > git symbolic-ref --short HEAD [1ms]
[2022-10-24T02:13:14.635Z] > git for-each-ref --format=%(refname)%00%(upstream:short)%00%(objectname)%00%(upstream:track)%00%(upstream:remotename)%00%(upstream:remoteref) refs/heads/main refs/remotes/main [2ms]
[2022-10-24T02:13:14.659Z] > git remote --verbose [3ms]
[2022-10-24T02:13:14.659Z] > git for-each-ref --sort -committerdate --format %(refname) %(objectname) %(*objectname) [14ms]
[2022-10-24T02:13:14.743Z] > git config --get commit.template [9ms]
[2022-10-24T02:13:19.803Z] > git status -z -uall [40ms]
[2022-10-24T02:13:19.820Z] > git symbolic-ref --short HEAD [3ms]
[2022-10-24T02:13:19.837Z] > git for-each-ref --format=%(refname)%00%(upstream:short)%00%(objectname)%00%(upstream:track)%00%(upstream:remotename)%00%(upstream:remoteref) refs/heads/main refs/remotes/main [4ms]
[2022-10-24T02:13:19.864Z] > git for-each-ref --sort -committerdate --format %(refname) %(objectname) %(*objectname) [15ms]
[2022-10-24T02:13:19.865Z] > git remote --verbose [4ms]
[2022-10-24T02:13:19.948Z] > git config --get commit.template [10ms]
[2022-10-24T02:13:25.008Z] > git status -z -uall [34ms]
[2022-10-24T02:13:25.023Z] > git symbolic-ref --short HEAD [2ms]
[2022-10-24T02:13:25.037Z] > git for-each-ref --format=%(refname)%00%(upstream:short)%00%(objectname)%00%(upstream:track)%00%(upstream:remotename)%00%(upstream:remoteref) refs/heads/main refs/remotes/main [4ms]
[2022-10-24T02:13:25.063Z] > git remote --verbose [2ms]
[2022-10-24T02:13:25.064Z] > git for-each-ref --sort -committerdate --format %(refname) %(objectname) %(*objectname) [15ms]
[2022-10-24T02:13:25.157Z] > git config --get commit.template [12ms]
[2022-10-24T02:13:30.224Z] > git status -z -uall [42ms]
[2022-10-24T02:13:30.243Z] > git symbolic-ref --short HEAD [2ms]
[2022-10-24T02:13:30.265Z] > git for-each-ref --format=%(refname)%00%(upstream:short)%00%(objectname)%00%(upstream:track)%00%(upstream:remotename)%00%(upstream:remoteref) refs/heads/main refs/remotes/main [8ms]
[2022-10-24T02:13:30.298Z] > git remote --verbose [4ms]
[2022-10-24T02:13:30.299Z] > git for-each-ref --sort -committerdate --format %(refname) %(objectname) %(*objectname) [17ms]
[2022-10-24T02:13:30.402Z] > git config --get commit.template [12ms]
[2022-10-24T02:13:36.000Z] > git status -z -uall [40ms]
[2022-10-24T02:13:36.019Z] > git symbolic-ref --short HEAD [1ms]
[2022-10-24T02:13:36.032Z] > git for-each-ref --format=%(refname)%00%(upstream:short)%00%(objectname)%00%(upstream:track)%00%(upstream:remotename)%00%(upstream:remoteref) refs/heads/main refs/remotes/main [3ms]
[2022-10-24T02:13:36.055Z] > git for-each-ref --sort -committerdate --format %(refname) %(objectname) %(*objectname) [10ms]
[2022-10-24T02:13:36.056Z] > git remote --verbose [3ms]
[2022-10-24T02:13:36.141Z] > git config --get commit.template [12ms]
[2022-10-24T02:13:41.197Z] > git status -z -uall [40ms]
[2022-10-24T02:13:41.214Z] > git symbolic-ref --short HEAD [2ms]
[2022-10-24T02:13:41.227Z] > git for-each-ref --format=%(refname)%00%(upstream:short)%00%(objectname)%00%(upstream:track)%00%(upstream:remotename)%00%(upstream:remoteref) refs/heads/main refs/remotes/main [2ms]
[2022-10-24T02:13:41.256Z] > git remote --verbose [3ms]
[2022-10-24T02:13:41.257Z] > git for-each-ref --sort -committerdate --format %(refname) %(objectname) %(*objectname) [15ms]
[2022-10-24T02:13:41.343Z] > git config --get commit.template [11ms]
[2022-10-24T02:13:47.052Z] > git status -z -uall [34ms]
[2022-10-24T02:13:47.068Z] > git symbolic-ref --short HEAD [3ms]
[2022-10-24T02:13:47.083Z] > git for-each-ref --format=%(refname)%00%(upstream:short)%00%(objectname)%00%(upstream:track)%00%(upstream:remotename)%00%(upstream:remoteref) refs/heads/main refs/remotes/main [1ms]
[2022-10-24T02:13:47.111Z] > git remote --verbose [2ms]
[2022-10-24T02:13:47.112Z] > git for-each-ref --sort -committerdate --format %(refname) %(objectname) %(*objectname) [15ms]
[2022-10-24T02:13:47.195Z] > git config --get commit.template [9ms]
[2022-10-24T02:13:56.243Z] > git status -z -uall [42ms]
[2022-10-24T02:13:56.260Z] > git symbolic-ref --short HEAD [1ms]
[2022-10-24T02:13:56.274Z] > git for-each-ref --format=%(refname)%00%(upstream:short)%00%(objectname)%00%(upstream:track)%00%(upstream:remotename)%00%(upstream:remoteref) refs/heads/main refs/remotes/main [1ms]
[2022-10-24T02:13:56.300Z] > git remote --verbose [3ms]
[2022-10-24T02:13:56.301Z] > git for-each-ref --sort -committerdate --format %(refname) %(objectname) %(*objectname) [16ms]
[2022-10-24T02:13:56.395Z] > git config --get commit.template [9ms]
[2022-10-24T02:15:21.476Z] > git status -z -uall [48ms]
[2022-10-24T02:15:21.492Z] > git symbolic-ref --short HEAD [3ms]
[2022-10-24T02:15:21.507Z] > git for-each-ref --format=%(refname)%00%(upstream:short)%00%(objectname)%00%(upstream:track)%00%(upstream:remotename)%00%(upstream:remoteref) refs/heads/main refs/remotes/main [2ms]
[2022-10-24T02:15:21.530Z] > git remote --verbose [2ms]
[2022-10-24T02:15:21.530Z] > git for-each-ref --sort -committerdate --format %(refname) %(objectname) %(*objectname) [13ms]
[2022-10-24T02:15:21.612Z] > git config --get commit.template [6ms]
[2022-10-24T02:15:26.667Z] > git status -z -uall [33ms]
[2022-10-24T02:15:26.683Z] > git symbolic-ref --short HEAD [1ms]
[2022-10-24T02:15:26.701Z] > git for-each-ref --format=%(refname)%00%(upstream:short)%00%(objectname)%00%(upstream:track)%00%(upstream:remotename)%00%(upstream:remoteref) refs/heads/main refs/remotes/main [3ms]
[2022-10-24T02:15:26.732Z] > git remote --verbose [2ms]
[2022-10-24T02:15:26.733Z] > git for-each-ref --sort -committerdate --format %(refname) %(objectname) %(*objectname) [16ms]
[2022-10-24T02:15:26.815Z] > git config --get commit.template [8ms]
[2022-10-24T02:15:30.676Z] > git show --textconv :441.php [22ms]
[2022-10-24T02:15:30.677Z] > git ls-files --stage -- /home/ruslik/441.php [4ms]
[2022-10-24T02:15:30.881Z] > git check-ignore -v -z --stdin [4ms]
[2022-10-24T02:15:31.868Z] > git status -z -uall [31ms]
[2022-10-24T02:15:31.882Z] > git symbolic-ref --short HEAD [1ms]
[2022-10-24T02:15:31.895Z] > git for-each-ref --format=%(refname)%00%(upstream:short)%00%(objectname)%00%(upstream:track)%00%(upstream:remotename)%00%(upstream:remoteref) refs/heads/main refs/remotes/main [1ms]
[2022-10-24T02:15:31.920Z] > git remote --verbose [3ms]
[2022-10-24T02:15:31.921Z] > git for-each-ref --sort -committerdate --format %(refname) %(objectname) %(*objectname) [16ms]
[2022-10-24T02:15:32.010Z] > git config --get commit.template [5ms]
[2022-10-24T02:15:59.105Z] > git status -z -uall [45ms]
[2022-10-24T02:15:59.123Z] > git symbolic-ref --short HEAD [2ms]
[2022-10-24T02:15:59.138Z] > git for-each-ref --format=%(refname)%00%(upstream:short)%00%(objectname)%00%(upstream:track)%00%(upstream:remotename)%00%(upstream:remoteref) refs/heads/main refs/remotes/main [1ms]
[2022-10-24T02:15:59.167Z] > git remote --verbose [5ms]
[2022-10-24T02:15:59.168Z] > git for-each-ref --sort -committerdate --format %(refname) %(objectname) %(*objectname) [19ms]
[2022-10-24T02:15:59.790Z] > git config --get commit.template [460ms]
[2022-10-24T02:16:04.849Z] > git status -z -uall [39ms]
[2022-10-24T02:16:04.863Z] > git symbolic-ref --short HEAD [1ms]
[2022-10-24T02:16:04.876Z] > git for-each-ref --format=%(refname)%00%(upstream:short)%00%(objectname)%00%(upstream:track)%00%(upstream:remotename)%00%(upstream:remoteref) refs/heads/main refs/remotes/main [2ms]
[2022-10-24T02:16:04.904Z] > git remote --verbose [3ms]
[2022-10-24T02:16:04.904Z] > git for-each-ref --sort -committerdate --format %(refname) %(objectname) %(*objectname) [14ms]
[2022-10-24T02:16:04.983Z] > git config --get commit.template [10ms]
[2022-10-24T02:16:10.049Z] > git status -z -uall [44ms]
[2022-10-24T02:16:10.075Z] > git symbolic-ref --short HEAD [2ms]
[2022-10-24T02:16:10.105Z] > git for-each-ref --format=%(refname)%00%(upstream:short)%00%(objectname)%00%(upstream:track)%00%(upstream:remotename)%00%(upstream:remoteref) refs/heads/main refs/remotes/main [16ms]
[2022-10-24T02:16:10.135Z] > git remote --verbose [3ms]
[2022-10-24T02:16:10.136Z] > git for-each-ref --sort -committerdate --format %(refname) %(objectname) %(*objectname) [16ms]
[2022-10-24T02:16:10.212Z] > git config --get commit.template [2ms]
[2022-10-24T02:16:15.269Z] > git status -z -uall [35ms]
[2022-10-24T02:16:15.285Z] > git symbolic-ref --short HEAD [1ms]
[2022-10-24T02:16:15.299Z] > git for-each-ref --format=%(refname)%00%(upstream:short)%00%(objectname)%00%(upstream:track)%00%(upstream:remotename)%00%(upstream:remoteref) refs/heads/main refs/remotes/main [2ms]
[2022-10-24T02:16:15.323Z] > git remote --verbose [2ms]
[2022-10-24T02:16:15.324Z] > git for-each-ref --sort -committerdate --format %(refname) %(objectname) %(*objectname) [15ms]
[2022-10-24T02:16:15.410Z] > git config --get commit.template [12ms]
[2022-10-24T02:16:20.465Z] > git status -z -uall [32ms]
[2022-10-24T02:16:20.485Z] > git symbolic-ref --short HEAD [2ms]
[2022-10-24T02:16:20.500Z] > git for-each-ref --format=%(refname)%00%(upstream:short)%00%(objectname)%00%(upstream:track)%00%(upstream:remotename)%00%(upstream:remoteref) refs/heads/main refs/remotes/main [2ms]
[2022-10-24T02:16:20.523Z] > git remote --verbose [2ms]
[2022-10-24T02:16:20.524Z] > git for-each-ref --sort -committerdate --format %(refname) %(objectname) %(*objectname) [15ms]
[2022-10-24T02:16:20.610Z] > git config --get commit.template [8ms]
[2022-10-24T02:16:25.662Z] > git status -z -uall [32ms]
[2022-10-24T02:16:25.679Z] > git symbolic-ref --short HEAD [2ms]
[2022-10-24T02:16:25.692Z] > git for-each-ref --format=%(refname)%00%(upstream:short)%00%(objectname)%00%(upstream:track)%00%(upstream:remotename)%00%(upstream:remoteref) refs/heads/main refs/remotes/main [2ms]
[2022-10-24T02:16:25.718Z] > git remote --verbose [2ms]
[2022-10-24T02:16:25.718Z] > git for-each-ref --sort -committerdate --format %(refname) %(objectname) %(*objectname) [13ms]
[2022-10-24T02:16:25.799Z] > git config --get commit.template [10ms]
[2022-10-24T02:16:30.865Z] > git status -z -uall [48ms]
[2022-10-24T02:16:30.880Z] > git symbolic-ref --short HEAD [3ms]
[2022-10-24T02:16:30.895Z] > git for-each-ref --format=%(refname)%00%(upstream:short)%00%(objectname)%00%(upstream:track)%00%(upstream:remotename)%00%(upstream:remoteref) refs/heads/main refs/remotes/main [1ms]
[2022-10-24T02:16:30.924Z] > git remote --verbose [3ms]
[2022-10-24T02:16:30.924Z] > git for-each-ref --sort -committerdate --format %(refname) %(objectname) %(*objectname) [15ms]
[2022-10-24T02:16:31.021Z] > git config --get commit.template [11ms]
[2022-10-24T02:16:36.080Z] > git status -z -uall [41ms]
[2022-10-24T02:16:36.096Z] > git symbolic-ref --short HEAD [2ms]
[2022-10-24T02:16:36.112Z] > git for-each-ref --format=%(refname)%00%(upstream:short)%00%(objectname)%00%(upstream:track)%00%(upstream:remotename)%00%(upstream:remoteref) refs/heads/main refs/remotes/main [4ms]
[2022-10-24T02:16:36.140Z] > git remote --verbose [3ms]
[2022-10-24T02:16:36.141Z] > git for-each-ref --sort -committerdate --format %(refname) %(objectname) %(*objectname) [16ms]
[2022-10-24T02:16:36.232Z] > git config --get commit.template [10ms]
[2022-10-24T02:16:41.291Z] > git status -z -uall [37ms]
[2022-10-24T02:16:41.309Z] > git symbolic-ref --short HEAD [4ms]
[2022-10-24T02:16:41.324Z] > git for-each-ref --format=%(refname)%00%(upstream:short)%00%(objectname)%00%(upstream:track)%00%(upstream:remotename)%00%(upstream:remoteref) refs/heads/main refs/remotes/main [3ms]
[2022-10-24T02:16:41.352Z] > git remote --verbose [3ms]
[2022-10-24T02:16:41.353Z] > git for-each-ref --sort -committerdate --format %(refname) %(objectname) %(*objectname) [16ms]
[2022-10-24T02:16:41.439Z] > git config --get commit.template [10ms]
[2022-10-24T02:16:46.562Z] > git status -z -uall [36ms]
[2022-10-24T02:16:46.579Z] > git symbolic-ref --short HEAD [2ms]
[2022-10-24T02:16:46.595Z] > git for-each-ref --format=%(refname)%00%(upstream:short)%00%(objectname)%00%(upstream:track)%00%(upstream:remotename)%00%(upstream:remoteref) refs/heads/main refs/remotes/main [1ms]
[2022-10-24T02:16:46.626Z] > git remote --verbose [4ms]
[2022-10-24T02:16:46.626Z] > git for-each-ref --sort -committerdate --format %(refname) %(objectname) %(*objectname) [17ms]
[2022-10-24T02:16:46.715Z] > git config --get commit.template [9ms]
[2022-10-24T02:16:51.775Z] > git status -z -uall [38ms]
[2022-10-24T02:16:51.791Z] > git symbolic-ref --short HEAD [1ms]
[2022-10-24T02:16:51.805Z] > git for-each-ref --format=%(refname)%00%(upstream:short)%00%(objectname)%00%(upstream:track)%00%(upstream:remotename)%00%(upstream:remoteref) refs/heads/main refs/remotes/main [4ms]
[2022-10-24T02:16:51.835Z] > git remote --verbose [3ms]
[2022-10-24T02:16:51.836Z] > git for-each-ref --sort -committerdate --format %(refname) %(objectname) %(*objectname) [18ms]
[2022-10-24T02:16:51.929Z] > git config --get commit.template [11ms]
[2022-10-24T02:16:56.999Z] > git status -z -uall [49ms]
[2022-10-24T02:16:57.015Z] > git symbolic-ref --short HEAD [2ms]
[2022-10-24T02:16:57.029Z] > git for-each-ref --format=%(refname)%00%(upstream:short)%00%(objectname)%00%(upstream:track)%00%(upstream:remotename)%00%(upstream:remoteref) refs/heads/main refs/remotes/main [4ms]
[2022-10-24T02:16:57.052Z] > git for-each-ref --sort -committerdate --format %(refname) %(objectname) %(*objectname) [11ms]
[2022-10-24T02:16:57.053Z] > git remote --verbose [4ms]
[2022-10-24T02:16:57.146Z] > git config --get commit.template [12ms]
[2022-10-24T02:17:02.201Z] > git status -z -uall [31ms]
[2022-10-24T02:17:02.219Z] > git symbolic-ref --short HEAD [2ms]
[2022-10-24T02:17:02.232Z] > git for-each-ref --format=%(refname)%00%(upstream:short)%00%(objectname)%00%(upstream:track)%00%(upstream:remotename)%00%(upstream:remoteref) refs/heads/main refs/remotes/main [3ms]
[2022-10-24T02:17:02.255Z] > git remote --verbose [3ms]
[2022-10-24T02:17:02.255Z] > git for-each-ref --sort -committerdate --format %(refname) %(objectname) %(*objectname) [14ms]
[2022-10-24T02:17:02.356Z] > git config --get commit.template [10ms]
[2022-10-24T02:17:07.414Z] > git status -z -uall [37ms]
[2022-10-24T02:17:07.429Z] > git symbolic-ref --short HEAD [3ms]
[2022-10-24T02:17:07.444Z] > git for-each-ref --format=%(refname)%00%(upstream:short)%00%(objectname)%00%(upstream:track)%00%(upstream:remotename)%00%(upstream:remoteref) refs/heads/main refs/remotes/main [3ms]
[2022-10-24T02:17:07.472Z] > git remote --verbose [3ms]
[2022-10-24T02:17:07.473Z] > git for-each-ref --sort -committerdate --format %(refname) %(objectname) %(*objectname) [15ms]
[2022-10-24T02:17:07.558Z] > git config --get commit.template [10ms]
[2022-10-24T02:17:12.611Z] > git status -z -uall [34ms]
[2022-10-24T02:17:12.624Z] > git symbolic-ref --short HEAD [3ms]
[2022-10-24T02:17:12.638Z] > git for-each-ref --format=%(refname)%00%(upstream:short)%00%(objectname)%00%(upstream:track)%00%(upstream:remotename)%00%(upstream:remoteref) refs/heads/main refs/remotes/main [1ms]
[2022-10-24T02:17:12.659Z] > git for-each-ref --sort -committerdate --format %(refname) %(objectname) %(*objectname) [10ms]
[2022-10-24T02:17:12.660Z] > git remote --verbose [3ms]
[2022-10-24T02:17:12.742Z] > git config --get commit.template [9ms]
[2022-10-24T02:17:17.804Z] > git status -z -uall [38ms]
[2022-10-24T02:17:17.821Z] > git symbolic-ref --short HEAD [3ms]
[2022-10-24T02:17:17.834Z] > git for-each-ref --format=%(refname)%00%(upstream:short)%00%(objectname)%00%(upstream:track)%00%(upstream:remotename)%00%(upstream:remoteref) refs/heads/main refs/remotes/main [1ms]
[2022-10-24T02:17:17.859Z] > git remote --verbose [2ms]
[2022-10-24T02:17:17.860Z] > git for-each-ref --sort -committerdate --format %(refname) %(objectname) %(*objectname) [14ms]
[2022-10-24T02:17:17.943Z] > git config --get commit.template [10ms]
[2022-10-24T02:17:23.009Z] > git status -z -uall [47ms]
[2022-10-24T02:17:23.026Z] > git symbolic-ref --short HEAD [2ms]
[2022-10-24T02:17:23.040Z] > git for-each-ref --format=%(refname)%00%(upstream:short)%00%(objectname)%00%(upstream:track)%00%(upstream:remotename)%00%(upstream:remoteref) refs/heads/main refs/remotes/main [1ms]
[2022-10-24T02:17:23.064Z] > git remote --verbose [2ms]
[2022-10-24T02:17:23.064Z] > git for-each-ref --sort -committerdate --format %(refname) %(objectname) %(*objectname) [15ms]
[2022-10-24T02:17:23.152Z] > git config --get commit.template [10ms]
[2022-10-24T02:17:28.213Z] > git status -z -uall [39ms]
[2022-10-24T02:17:28.229Z] > git symbolic-ref --short HEAD [4ms]
[2022-10-24T02:17:28.244Z] > git for-each-ref --format=%(refname)%00%(upstream:short)%00%(objectname)%00%(upstream:track)%00%(upstream:remotename)%00%(upstream:remoteref) refs/heads/main refs/remotes/main [2ms]
[2022-10-24T02:17:28.267Z] > git remote --verbose [2ms]
[2022-10-24T02:17:28.267Z] > git for-each-ref --sort -committerdate --format %(refname) %(objectname) %(*objectname) [14ms]
[2022-10-24T02:17:28.354Z] > git config --get commit.template [13ms]
[2022-10-24T02:17:32.401Z] > git show --textconv :Dockerfile [23ms]
[2022-10-24T02:17:32.402Z] > git ls-files --stage -- /home/ruslik/Dockerfile [5ms]
[2022-10-24T02:17:33.416Z] > git status -z -uall [38ms]
[2022-10-24T02:17:33.435Z] > git symbolic-ref --short HEAD [1ms]
[2022-10-24T02:17:33.456Z] > git for-each-ref --format=%(refname)%00%(upstream:short)%00%(objectname)%00%(upstream:track)%00%(upstream:remotename)%00%(upstream:remoteref) refs/heads/main refs/remotes/main [3ms]
[2022-10-24T02:17:33.493Z] > git remote --verbose [3ms]
[2022-10-24T02:17:33.493Z] > git for-each-ref --sort -committerdate --format %(refname) %(objectname) %(*objectname) [20ms]
[2022-10-24T02:17:33.594Z] > git config --get commit.template [9ms]
[2022-10-24T02:17:38.661Z] > git status -z -uall [39ms]
[2022-10-24T02:17:38.681Z] > git symbolic-ref --short HEAD [4ms]
[2022-10-24T02:17:38.700Z] > git for-each-ref --format=%(refname)%00%(upstream:short)%00%(objectname)%00%(upstream:track)%00%(upstream:remotename)%00%(upstream:remoteref) refs/heads/main refs/remotes/main [3ms]
[2022-10-24T02:17:38.736Z] > git remote --verbose [3ms]
[2022-10-24T02:17:38.737Z] > git for-each-ref --sort -committerdate --format %(refname) %(objectname) %(*objectname) [20ms]
[2022-10-24T02:17:38.828Z] > git config --get commit.template [2ms]
[2022-10-24T02:17:43.225Z] > git check-ignore -v -z --stdin [3ms]
[2022-10-24T02:17:43.889Z] > git status -z -uall [38ms]
[2022-10-24T02:17:43.911Z] > git symbolic-ref --short HEAD [2ms]
[2022-10-24T02:17:43.933Z] > git for-each-ref --format=%(refname)%00%(upstream:short)%00%(objectname)%00%(upstream:track)%00%(upstream:remotename)%00%(upstream:remoteref) refs/heads/main refs/remotes/main [3ms]
[2022-10-24T02:17:43.968Z] > git for-each-ref --sort -committerdate --format %(refname) %(objectname) %(*objectname) [19ms]
[2022-10-24T02:17:43.970Z] > git remote --verbose [4ms]
[2022-10-24T02:17:44.053Z] > git config --get commit.template [3ms]
[2022-10-24T02:17:49.126Z] > git status -z -uall [48ms]
[2022-10-24T02:17:49.152Z] > git symbolic-ref --short HEAD [1ms]
[2022-10-24T02:17:49.176Z] > git for-each-ref --format=%(refname)%00%(upstream:short)%00%(objectname)%00%(upstream:track)%00%(upstream:remotename)%00%(upstream:remoteref) refs/heads/main refs/remotes/main [3ms]
[2022-10-24T02:17:49.213Z] > git remote --verbose [4ms]
[2022-10-24T02:17:49.214Z] > git for-each-ref --sort -committerdate --format %(refname) %(objectname) %(*objectname) [21ms]
[2022-10-24T02:17:49.297Z] > git config --get commit.template [9ms]
[2022-10-24T02:17:54.344Z] > git status -z -uall [23ms]
[2022-10-24T02:17:54.366Z] > git symbolic-ref --short HEAD [1ms]
[2022-10-24T02:17:54.385Z] > git for-each-ref --format=%(refname)%00%(upstream:short)%00%(objectname)%00%(upstream:track)%00%(upstream:remotename)%00%(upstream:remoteref) refs/heads/main refs/remotes/main [6ms]
[2022-10-24T02:17:54.419Z] > git remote --verbose [2ms]
[2022-10-24T02:17:54.420Z] > git for-each-ref --sort -committerdate --format %(refname) %(objectname) %(*objectname) [19ms]
[2022-10-24T02:17:54.512Z] > git config --get commit.template [3ms]
[2022-10-24T02:17:59.572Z] > git status -z -uall [33ms]
[2022-10-24T02:17:59.591Z] > git symbolic-ref --short HEAD [1ms]
[2022-10-24T02:17:59.607Z] > git for-each-ref --format=%(refname)%00%(upstream:short)%00%(objectname)%00%(upstream:track)%00%(upstream:remotename)%00%(upstream:remoteref) refs/heads/main refs/remotes/main [2ms]
[2022-10-24T02:17:59.641Z] > git remote --verbose [3ms]
[2022-10-24T02:17:59.642Z] > git for-each-ref --sort -committerdate --format %(refname) %(objectname) %(*objectname) [21ms]
[2022-10-24T02:17:59.740Z] > git config --get commit.template [14ms]
[2022-10-24T02:18:04.801Z] > git status -z -uall [35ms]
[2022-10-24T02:18:04.819Z] > git symbolic-ref --short HEAD [1ms]
[2022-10-24T02:18:04.840Z] > git for-each-ref --format=%(refname)%00%(upstream:short)%00%(objectname)%00%(upstream:track)%00%(upstream:remotename)%00%(upstream:remoteref) refs/heads/main refs/remotes/main [2ms]
[2022-10-24T02:18:04.879Z] > git remote --verbose [2ms]
[2022-10-24T02:18:04.879Z] > git for-each-ref --sort -committerdate --format %(refname) %(objectname) %(*objectname) [21ms]
[2022-10-24T02:18:04.969Z] > git config --get commit.template [3ms]
[2022-10-24T02:18:10.035Z] > git status -z -uall [42ms]
[2022-10-24T02:18:10.054Z] > git symbolic-ref --short HEAD [1ms]
[2022-10-24T02:18:10.072Z] > git for-each-ref --format=%(refname)%00%(upstream:short)%00%(objectname)%00%(upstream:track)%00%(upstream:remotename)%00%(upstream:remoteref) refs/heads/main refs/remotes/main [2ms]
[2022-10-24T02:18:10.107Z] > git for-each-ref --sort -committerdate --format %(refname) %(objectname) %(*objectname) [18ms]
[2022-10-24T02:18:10.109Z] > git remote --verbose [4ms]
[2022-10-24T02:18:10.203Z] > git config --get commit.template [2ms]
[2022-10-24T02:18:12.448Z] > git check-ignore -v -z --stdin [3ms]
[2022-10-24T02:18:15.274Z] > git status -z -uall [43ms]
[2022-10-24T02:18:15.292Z] > git symbolic-ref --short HEAD [2ms]
[2022-10-24T02:18:15.311Z] > git for-each-ref --format=%(refname)%00%(upstream:short)%00%(objectname)%00%(upstream:track)%00%(upstream:remotename)%00%(upstream:remoteref) refs/heads/main refs/remotes/main [2ms]
[2022-10-24T02:18:15.348Z] > git for-each-ref --sort -committerdate --format %(refname) %(objectname) %(*objectname) [22ms]
[2022-10-24T02:18:15.350Z] > git remote --verbose [4ms]
[2022-10-24T02:18:15.463Z] > git config --get commit.template [17ms]
[2022-10-24T02:18:19.719Z] > git show --textconv :php/Dockerfile [18ms]
[2022-10-24T02:18:19.720Z] > git ls-files --stage -- /home/ruslik/php/Dockerfile [3ms]
[2022-10-24T02:18:19.936Z] > git check-ignore -v -z --stdin [2ms]
[2022-10-24T02:18:20.527Z] > git status -z -uall [36ms]
[2022-10-24T02:18:20.545Z] > git symbolic-ref --short HEAD [3ms]
[2022-10-24T02:18:20.567Z] > git for-each-ref --format=%(refname)%00%(upstream:short)%00%(objectname)%00%(upstream:track)%00%(upstream:remotename)%00%(upstream:remoteref) refs/heads/main refs/remotes/main [2ms]
[2022-10-24T02:18:20.603Z] > git remote --verbose [3ms]
[2022-10-24T02:18:20.604Z] > git for-each-ref --sort -committerdate --format %(refname) %(objectname) %(*objectname) [18ms]
[2022-10-24T02:18:20.687Z] > git config --get commit.template [1ms]
[2022-10-24T02:18:25.757Z] > git status -z -uall [43ms]
[2022-10-24T02:18:25.779Z] > git symbolic-ref --short HEAD [2ms]
[2022-10-24T02:18:25.801Z] > git for-each-ref --format=%(refname)%00%(upstream:short)%00%(objectname)%00%(upstream:track)%00%(upstream:remotename)%00%(upstream:remoteref) refs/heads/main refs/remotes/main [3ms]
[2022-10-24T02:18:25.844Z] > git remote --verbose [3ms]
[2022-10-24T02:18:25.845Z] > git for-each-ref --sort -committerdate --format %(refname) %(objectname) %(*objectname) [24ms]
[2022-10-24T02:18:25.938Z] > git config --get commit.template [2ms]
[2022-10-24T02:18:30.998Z] > git status -z -uall [36ms]
[2022-10-24T02:18:31.029Z] > git symbolic-ref --short HEAD [11ms]
[2022-10-24T02:18:31.058Z] > git for-each-ref --format=%(refname)%00%(upstream:short)%00%(objectname)%00%(upstream:track)%00%(upstream:remotename)%00%(upstream:remoteref) refs/heads/main refs/remotes/main [12ms]
[2022-10-24T02:18:31.094Z] > git remote --verbose [3ms]
[2022-10-24T02:18:31.094Z] > git for-each-ref --sort -committerdate --format %(refname) %(objectname) %(*objectname) [18ms]
[2022-10-24T02:18:31.190Z] > git config --get commit.template [3ms]
[2022-10-24T02:18:31.913Z] > git check-ignore -v -z --stdin [36ms]
[2022-10-24T02:18:31.914Z] > git show --textconv :php/docker-compose.yml [18ms]
[2022-10-24T02:18:31.915Z] > git ls-files --stage -- /home/ruslik/php/docker-compose.yml [5ms]
[2022-10-24T02:18:36.260Z] > git status -z -uall [39ms]
[2022-10-24T02:18:36.280Z] > git symbolic-ref --short HEAD [2ms]
[2022-10-24T02:18:36.300Z] > git for-each-ref --format=%(refname)%00%(upstream:short)%00%(objectname)%00%(upstream:track)%00%(upstream:remotename)%00%(upstream:remoteref) refs/heads/main refs/remotes/main [3ms]
[2022-10-24T02:18:36.340Z] > git remote --verbose [2ms]
[2022-10-24T02:18:36.341Z] > git for-each-ref --sort -committerdate --format %(refname) %(objectname) %(*objectname) [24ms]
[2022-10-24T02:18:36.437Z] > git config --get commit.template [16ms]
[2022-10-24T02:18:41.494Z] > git status -z -uall [33ms]
[2022-10-24T02:18:41.514Z] > git symbolic-ref --short HEAD [1ms]
[2022-10-24T02:18:41.531Z] > git for-each-ref --format=%(refname)%00%(upstream:short)%00%(objectname)%00%(upstream:track)%00%(upstream:remotename)%00%(upstream:remoteref) refs/heads/main refs/remotes/main [2ms]
[2022-10-24T02:18:41.564Z] > git remote --verbose [2ms]
[2022-10-24T02:18:41.565Z] > git for-each-ref --sort -committerdate --format %(refname) %(objectname) %(*objectname) [17ms]
[2022-10-24T02:18:41.651Z] > git config --get commit.template [10ms]
[2022-10-24T02:18:46.715Z] > git status -z -uall [39ms]
[2022-10-24T02:18:46.735Z] > git symbolic-ref --short HEAD [2ms]
[2022-10-24T02:18:46.751Z] > git for-each-ref --format=%(refname)%00%(upstream:short)%00%(objectname)%00%(upstream:track)%00%(upstream:remotename)%00%(upstream:remoteref) refs/heads/main refs/remotes/main [2ms]
[2022-10-24T02:18:46.784Z] > git remote --verbose [3ms]
[2022-10-24T02:18:46.787Z] > git for-each-ref --sort -committerdate --format %(refname) %(objectname) %(*objectname) [22ms]
[2022-10-24T02:18:46.878Z] > git config --get commit.template [1ms]
[2022-10-24T02:18:51.936Z] > git status -z -uall [35ms]
[2022-10-24T02:18:51.955Z] > git symbolic-ref --short HEAD [2ms]
[2022-10-24T02:18:51.971Z] > git for-each-ref --format=%(refname)%00%(upstream:short)%00%(objectname)%00%(upstream:track)%00%(upstream:remotename)%00%(upstream:remoteref) refs/heads/main refs/remotes/main [2ms]
[2022-10-24T02:18:52.001Z] > git remote --verbose [2ms]
[2022-10-24T02:18:52.001Z] > git for-each-ref --sort -committerdate --format %(refname) %(objectname) %(*objectname) [16ms]
[2022-10-24T02:18:52.084Z] > git config --get commit.template [2ms]
[2022-10-24T02:18:57.149Z] > git status -z -uall [35ms]
[2022-10-24T02:18:57.172Z] > git symbolic-ref --short HEAD [2ms]
[2022-10-24T02:18:57.191Z] > git for-each-ref --format=%(refname)%00%(upstream:short)%00%(objectname)%00%(upstream:track)%00%(upstream:remotename)%00%(upstream:remoteref) refs/heads/main refs/remotes/main [2ms]
[2022-10-24T02:18:57.225Z] > git remote --verbose [3ms]
[2022-10-24T02:18:57.226Z] > git for-each-ref --sort -committerdate --format %(refname) %(objectname) %(*objectname) [21ms]
[2022-10-24T02:18:57.322Z] > git config --get commit.template [8ms]
[2022-10-24T02:19:02.380Z] > git status -z -uall [34ms]
[2022-10-24T02:19:02.402Z] > git symbolic-ref --short HEAD [4ms]
[2022-10-24T02:19:02.420Z] > git for-each-ref --format=%(refname)%00%(upstream:short)%00%(objectname)%00%(upstream:track)%00%(upstream:remotename)%00%(upstream:remoteref) refs/heads/main refs/remotes/main [1ms]
[2022-10-24T02:19:02.455Z] > git remote --verbose [3ms]
[2022-10-24T02:19:02.455Z] > git for-each-ref --sort -committerdate --format %(refname) %(objectname) %(*objectname) [18ms]
[2022-10-24T02:19:02.540Z] > git config --get commit.template [11ms]
[2022-10-24T02:19:07.599Z] > git status -z -uall [34ms]
[2022-10-24T02:19:07.619Z] > git symbolic-ref --short HEAD [1ms]
[2022-10-24T02:19:07.638Z] > git for-each-ref --format=%(refname)%00%(upstream:short)%00%(objectname)%00%(upstream:track)%00%(upstream:remotename)%00%(upstream:remoteref) refs/heads/main refs/remotes/main [5ms]
[2022-10-24T02:19:07.676Z] > git remote --verbose [3ms]
[2022-10-24T02:19:07.677Z] > git for-each-ref --sort -committerdate --format %(refname) %(objectname) %(*objectname) [20ms]
[2022-10-24T02:19:07.763Z] > git config --get commit.template [1ms]
[2022-10-24T02:19:11.347Z] > git ls-files --stage -- /home/ruslik/php/docker-compose.yml [2ms]
[2022-10-24T02:19:11.347Z] fatal: not a git repository (or any of the parent directories): .git
[2022-10-24T02:19:19.900Z] > git rev-parse --show-toplevel [2ms]
[2022-10-24T02:19:19.900Z] fatal: detected dubious ownership in repository at '/home/ruslik/php'
To add an exception for this directory, call:

	git config --global --add safe.directory /home/ruslik/php
[2022-10-24T02:20:25.686Z] > git rev-parse --show-toplevel [1ms]
[2022-10-24T02:20:25.686Z] fatal: detected dubious ownership in repository at '/home/ruslik/php'
To add an exception for this directory, call:

	git config --global --add safe.directory /home/ruslik/php
[2022-10-24T02:21:11.660Z] > git rev-parse --show-toplevel [1ms]
[2022-10-24T02:21:11.660Z] fatal: detected dubious ownership in repository at '/home/ruslik/php'
To add an exception for this directory, call:

	git config --global --add safe.directory /home/ruslik/php
[2022-10-24T02:21:21.112Z] > git rev-parse --show-toplevel [1ms]
[2022-10-24T02:21:21.112Z] fatal: detected dubious ownership in repository at '/home/ruslik/php'
To add an exception for this directory, call:

	git config --global --add safe.directory /home/ruslik/php
[2022-10-24T02:22:03.099Z] > git rev-parse --show-toplevel [2ms]
[2022-10-24T02:22:03.099Z] fatal: detected dubious ownership in repository at '/home/ruslik/php'
To add an exception for this directory, call:

	git config --global --add safe.directory /home/ruslik/php
[2022-10-24T02:22:43.543Z] > git rev-parse --show-toplevel [2ms]
[2022-10-24T02:22:43.543Z] fatal: detected dubious ownership in repository at '/home/ruslik/php'
To add an exception for this directory, call:

	git config --global --add safe.directory /home/ruslik/php
[2022-10-24T02:23:18.444Z] > git rev-parse --show-toplevel [1ms]
[2022-10-24T02:23:18.445Z] fatal: not a git repository (or any of the parent directories): .git
[2022-10-24T02:25:45.935Z] > git rev-parse --show-toplevel [2ms]
[2022-10-24T02:25:45.935Z] fatal: detected dubious ownership in repository at '/home/ruslik/php'
To add an exception for this directory, call:

	git config --global --add safe.directory /home/ruslik/php
[2022-10-24T02:26:55.715Z] > git rev-parse --show-toplevel [1ms]
[2022-10-24T02:26:55.715Z] fatal: detected dubious ownership in repository at '/home/ruslik/php'
To add an exception for this directory, call:

	git config --global --add safe.directory /home/ruslik/php
[2022-10-24T02:27:03.602Z] > git rev-parse --show-toplevel [4ms]
[2022-10-24T02:27:03.602Z] fatal: detected dubious ownership in repository at '/home/ruslik/php'
To add an exception for this directory, call:

	git config --global --add safe.directory /home/ruslik/php
[2022-10-24T02:27:04.627Z] > git rev-parse --show-toplevel [4ms]
[2022-10-24T02:27:04.627Z] fatal: detected dubious ownership in repository at '/home/ruslik/php'
To add an exception for this directory, call:

	git config --global --add safe.directory /home/ruslik/php
[2022-10-24T02:28:00.069Z] > git rev-parse --show-toplevel [4ms]
[2022-10-24T02:28:00.069Z] fatal: not a git repository (or any of the parent directories): .git
[2022-10-24T02:31:17.552Z] > git rev-parse --show-toplevel [1ms]
[2022-10-24T02:31:17.552Z] fatal: detected dubious ownership in repository at '/home/ruslik/php'
To add an exception for this directory, call:

	git config --global --add safe.directory /home/ruslik/php
[2022-10-24T02:31:41.071Z] > git rev-parse --show-toplevel [1ms]
[2022-10-24T02:31:41.071Z] fatal: detected dubious ownership in repository at '/home/ruslik/php'
To add an exception for this directory, call:

	git config --global --add safe.directory /home/ruslik/php
[2022-10-24T02:32:30.767Z] > git rev-parse --show-toplevel [1ms]
[2022-10-24T02:32:30.767Z] fatal: detected dubious ownership in repository at '/home/ruslik/php'
To add an exception for this directory, call:

	git config --global --add safe.directory /home/ruslik/php
[2022-10-24T02:32:48.823Z] > git rev-parse --show-toplevel [3ms]
[2022-10-24T02:32:48.823Z] fatal: detected dubious ownership in repository at '/home/ruslik/php'
To add an exception for this directory, call:

	git config --global --add safe.directory /home/ruslik/php
[2022-10-24T02:34:23.133Z] > git rev-parse --show-toplevel [3ms]
[2022-10-24T02:34:23.133Z] fatal: detected dubious ownership in repository at '/home/ruslik/php'
To add an exception for this directory, call:

	git config --global --add safe.directory /home/ruslik/php
[2022-10-24T02:34:40.730Z] > git rev-parse --show-toplevel [3ms]
[2022-10-24T02:34:40.730Z] fatal: detected dubious ownership in repository at '/home/ruslik/php'
To add an exception for this directory, call:

	git config --global --add safe.directory /home/ruslik/php
[2022-10-24T02:34:51.457Z] > git rev-parse --show-toplevel [2ms]
[2022-10-24T02:34:51.457Z] fatal: detected dubious ownership in repository at '/home/ruslik/php'
To add an exception for this directory, call:

	git config --global --add safe.directory /home/ruslik/php
[2022-10-24T02:35:22.720Z] > git rev-parse --show-toplevel [2ms]
[2022-10-24T02:35:22.720Z] fatal: detected dubious ownership in repository at '/home/ruslik/php'
To add an exception for this directory, call:

	git config --global --add safe.directory /home/ruslik/php
[2022-10-24T02:38:57.176Z] > git rev-parse --show-toplevel [2ms]
[2022-10-24T02:38:57.176Z] fatal: not a git repository (or any of the parent directories): .git
[2022-10-24T02:39:27.048Z] > git rev-parse --show-toplevel [1ms]
[2022-10-24T02:39:27.048Z] fatal: detected dubious ownership in repository at '/home/ruslik/php'
To add an exception for this directory, call:

	git config --global --add safe.directory /home/ruslik/php
[2022-10-24T02:39:40.742Z] > git rev-parse --show-toplevel [1ms]
[2022-10-24T02:39:40.742Z] fatal: detected dubious ownership in repository at '/home/ruslik/php'
To add an exception for this directory, call:

	git config --global --add safe.directory /home/ruslik/php
[2022-10-24T02:39:52.633Z] > git rev-parse --show-toplevel [2ms]
[2022-10-24T02:39:52.633Z] fatal: detected dubious ownership in repository at '/home/ruslik/php'
To add an exception for this directory, call:

	git config --global --add safe.directory /home/ruslik/php
[2022-10-24T02:40:29.576Z] > git rev-parse --show-toplevel [1ms]
[2022-10-24T02:40:29.576Z] fatal: detected dubious ownership in repository at '/home/ruslik/php'
To add an exception for this directory, call:

	git config --global --add safe.directory /home/ruslik/php
[2022-10-24T02:40:34.570Z] > git rev-parse --show-toplevel [0ms]
[2022-10-24T02:40:34.571Z] fatal: detected dubious ownership in repository at '/home/ruslik/php'
To add an exception for this directory, call:

	git config --global --add safe.directory /home/ruslik/php
[2022-10-24T02:43:03.359Z] > git rev-parse --show-toplevel [5ms]
[2022-10-24T02:43:03.359Z] fatal: detected dubious ownership in repository at '/home/ruslik/php'
To add an exception for this directory, call:

	git config --global --add safe.directory /home/ruslik/php
[2022-10-24T02:58:07.363Z] > git rev-parse --show-toplevel [5ms]
[2022-10-24T02:58:07.363Z] fatal: detected dubious ownership in repository at '/home/ruslik/php'
To add an exception for this directory, call:

	git config --global --add safe.directory /home/ruslik/php
[2022-10-24T02:58:10.452Z] > git rev-parse --show-toplevel [3ms]
[2022-10-24T02:58:10.452Z] fatal: not a git repository (or any of the parent directories): .git
[2022-10-24T02:58:14.532Z] > git rev-parse --show-toplevel [6ms]
[2022-10-24T02:58:14.532Z] fatal: detected dubious ownership in repository at '/home/ruslik/php'
To add an exception for this directory, call:

	git config --global --add safe.directory /home/ruslik/php
[2022-10-24T02:58:17.820Z] > git rev-parse --show-toplevel [3ms]
[2022-10-24T02:58:17.820Z] fatal: detected dubious ownership in repository at '/home/ruslik/php'
To add an exception for this directory, call:

	git config --global --add safe.directory /home/ruslik/php
[2022-10-24T02:58:18.229Z] > git rev-parse --show-toplevel [2ms]
[2022-10-24T02:58:18.229Z] fatal: detected dubious ownership in repository at '/home/ruslik/php'
To add an exception for this directory, call:

	git config --global --add safe.directory /home/ruslik/php
[2022-10-24T02:58:24.291Z] > git rev-parse --show-toplevel [1ms]
[2022-10-24T02:58:24.291Z] fatal: detected dubious ownership in repository at '/home/ruslik/php'
To add an exception for this directory, call:

	git config --global --add safe.directory /home/ruslik/php
[2022-10-24T03:48:05.962Z] > git rev-parse --show-toplevel [4ms]
[2022-10-24T03:48:05.962Z] fatal: detected dubious ownership in repository at '/home/ruslik/php'
To add an exception for this directory, call:

	git config --global --add safe.directory /home/ruslik/php
[2022-10-24T03:53:14.442Z] > git rev-parse --show-toplevel [4ms]
[2022-10-24T03:53:14.442Z] fatal: not a git repository (or any of the parent directories): .git
[2022-10-24T03:55:45.543Z] > git rev-parse --show-toplevel [3ms]
[2022-10-24T03:55:45.543Z] fatal: detected dubious ownership in repository at '/home/ruslik/php'
To add an exception for this directory, call:

	git config --global --add safe.directory /home/ruslik/php
[2022-10-24T03:56:50.919Z] > git rev-parse --show-toplevel [6ms]
[2022-10-24T03:56:50.919Z] fatal: not a git repository (or any of the parent directories): .git
[2022-10-24T04:02:21.513Z] > git rev-parse --show-toplevel [3ms]
[2022-10-24T04:02:21.513Z] fatal: detected dubious ownership in repository at '/home/ruslik/php'
To add an exception for this directory, call:

	git config --global --add safe.directory /home/ruslik/php
[2022-10-24T04:02:22.595Z] > git rev-parse --show-toplevel [2ms]
[2022-10-24T04:02:22.595Z] fatal: detected dubious ownership in repository at '/home/ruslik/php'
To add an exception for this directory, call:

	git config --global --add safe.directory /home/ruslik/php
[2022-10-24T04:02:25.045Z] > git rev-parse --show-toplevel [4ms]
[2022-10-24T04:02:25.045Z] fatal: detected dubious ownership in repository at '/home/ruslik/php'
To add an exception for this directory, call:

	git config --global --add safe.directory /home/ruslik/php
[2022-10-24T04:02:38.052Z] > git rev-parse --show-toplevel [6ms]
[2022-10-24T04:02:38.052Z] fatal: not a git repository (or any of the parent directories): .git
[2022-10-24T04:02:47.622Z] > git rev-parse --show-toplevel [4ms]
[2022-10-24T04:02:47.622Z] fatal: detected dubious ownership in repository at '/home/ruslik/php'
To add an exception for this directory, call:

	git config --global --add safe.directory /home/ruslik/php
[2022-10-24T04:02:51.747Z] > git rev-parse --show-toplevel [2ms]
[2022-10-24T04:02:51.747Z] fatal: detected dubious ownership in repository at '/home/ruslik/php'
To add an exception for this directory, call:

	git config --global --add safe.directory /home/ruslik/php
[2022-10-24T04:02:54.476Z] > git rev-parse --show-toplevel [4ms]
[2022-10-24T04:02:54.476Z] fatal: detected dubious ownership in repository at '/home/ruslik/php'
To add an exception for this directory, call:

	git config --global --add safe.directory /home/ruslik/php
[2022-10-24T04:02:55.649Z] > git rev-parse --show-toplevel [2ms]
[2022-10-24T04:02:55.649Z] fatal: detected dubious ownership in repository at '/home/ruslik/php'
To add an exception for this directory, call:

	git config --global --add safe.directory /home/ruslik/php
[2022-10-24T04:13:24.098Z] > git rev-parse --show-toplevel [148ms]
[2022-10-24T04:13:24.098Z] fatal: detected dubious ownership in repository at '/home/ruslik/php'
To add an exception for this directory, call:

	git config --global --add safe.directory /home/ruslik/php
[2022-10-24T04:21:14.575Z] > git rev-parse --show-toplevel [2ms]
[2022-10-24T04:21:14.576Z] fatal: detected dubious ownership in repository at '/home/ruslik/php'
To add an exception for this directory, call:

	git config --global --add safe.directory /home/ruslik/php
[2022-10-24T04:21:22.838Z] > git rev-parse --show-toplevel [5ms]
[2022-10-24T04:21:22.838Z] fatal: detected dubious ownership in repository at '/home/ruslik/php'
To add an exception for this directory, call:

	git config --global --add safe.directory /home/ruslik/php
[2022-10-24T04:21:27.122Z] > git rev-parse --show-toplevel [4ms]
[2022-10-24T04:21:27.122Z] fatal: detected dubious ownership in repository at '/home/ruslik/php'
To add an exception for this directory, call:

	git config --global --add safe.directory /home/ruslik/php
[2022-10-24T04:21:31.307Z] > git rev-parse --show-toplevel [6ms]
[2022-10-24T04:21:31.307Z] fatal: detected dubious ownership in repository at '/home/ruslik/php'
To add an exception for this directory, call:

	git config --global --add safe.directory /home/ruslik/php
[2022-10-24T04:40:12.581Z] > git rev-parse --show-toplevel [2ms]
[2022-10-24T04:40:12.581Z] fatal: detected dubious ownership in repository at '/home/ruslik/php'
To add an exception for this directory, call:

	git config --global --add safe.directory /home/ruslik/php
[2022-10-24T04:41:51.571Z] > git rev-parse --show-toplevel [1ms]
[2022-10-24T04:41:51.572Z] fatal: detected dubious ownership in repository at '/home/ruslik/php'
To add an exception for this directory, call:

	git config --global --add safe.directory /home/ruslik/php
[2022-10-24T04:42:05.525Z] > git rev-parse --show-toplevel [1ms]
[2022-10-24T04:42:05.525Z] fatal: detected dubious ownership in repository at '/home/ruslik/php'
To add an exception for this directory, call:

	git config --global --add safe.directory /home/ruslik/php
[2022-10-24T04:42:08.533Z] > git rev-parse --show-toplevel [1ms]
[2022-10-24T04:42:08.533Z] fatal: detected dubious ownership in repository at '/home/ruslik/php'
To add an exception for this directory, call:

	git config --global --add safe.directory /home/ruslik/php
[2022-10-24T04:42:30.186Z] > git rev-parse --show-toplevel [1ms]
[2022-10-24T04:42:30.186Z] fatal: detected dubious ownership in repository at '/home/ruslik/php'
To add an exception for this directory, call:

	git config --global --add safe.directory /home/ruslik/php
[2022-10-24T04:42:33.811Z] > git rev-parse --show-toplevel [2ms]
[2022-10-24T04:42:33.811Z] fatal: detected dubious ownership in repository at '/home/ruslik/php'
To add an exception for this directory, call:

	git config --global --add safe.directory /home/ruslik/php
