[2022-10-20T07:12:55.998Z] Log level: Info
[2022-10-20T07:12:56.006Z] [info] Validating found git in: git
[2022-10-20T07:12:56.083Z] [info] Using git 2.25.1 from git
[2022-10-20T07:12:56.150Z] > git rev-parse --show-toplevel [27ms]
[2022-10-20T07:12:56.185Z] > git rev-parse --git-dir --git-common-dir [4ms]
[2022-10-20T07:12:56.216Z] [info] Open repository: /home/ruslik
[2022-10-20T07:12:56.324Z] > git status -z -uall [87ms]
[2022-10-20T07:12:56.348Z] > git symbolic-ref --short HEAD [2ms]
[2022-10-20T07:12:56.363Z] > git for-each-ref --format=%(refname)%00%(upstream:short)%00%(objectname)%00%(upstream:track)%00%(upstream:remotename)%00%(upstream:remoteref) refs/heads/master refs/remotes/master [5ms]
[2022-10-20T07:12:56.388Z] > git remote --verbose [4ms]
[2022-10-20T07:12:56.389Z] > git for-each-ref --sort -committerdate --format %(refname) %(objectname) %(*objectname) [15ms]
[2022-10-20T07:12:57.312Z] > git check-ignore -v -z --stdin [10ms]
[2022-10-20T07:12:57.316Z] > git config --get commit.template [29ms]
[2022-10-20T07:12:57.377Z] > git status -z -uall [43ms]
[2022-10-20T07:12:57.392Z] > git symbolic-ref --short HEAD [2ms]
[2022-10-20T07:12:57.406Z] > git for-each-ref --format=%(refname)%00%(upstream:short)%00%(objectname)%00%(upstream:track)%00%(upstream:remotename)%00%(upstream:remoteref) refs/heads/master refs/remotes/master [2ms]
[2022-10-20T07:12:57.436Z] > git remote --verbose [7ms]
[2022-10-20T07:12:57.436Z] > git for-each-ref --sort -committerdate --format %(refname) %(objectname) %(*objectname) [18ms]
[2022-10-20T07:12:57.543Z] > git config --get commit.template [10ms]
[2022-10-20T07:12:59.666Z] > git status -z -uall [44ms]
[2022-10-20T07:12:59.681Z] > git symbolic-ref --short HEAD [1ms]
[2022-10-20T07:12:59.697Z] > git for-each-ref --format=%(refname)%00%(upstream:short)%00%(objectname)%00%(upstream:track)%00%(upstream:remotename)%00%(upstream:remoteref) refs/heads/master refs/remotes/master [2ms]
[2022-10-20T07:12:59.719Z] > git remote --verbose [2ms]
[2022-10-20T07:12:59.720Z] > git for-each-ref --sort -committerdate --format %(refname) %(objectname) %(*objectname) [15ms]
[2022-10-20T07:12:59.813Z] > git config --get commit.template [3ms]
[2022-10-20T07:13:04.866Z] > git status -z -uall [37ms]
[2022-10-20T07:13:04.882Z] > git symbolic-ref --short HEAD [4ms]
[2022-10-20T07:13:04.896Z] > git for-each-ref --format=%(refname)%00%(upstream:short)%00%(objectname)%00%(upstream:track)%00%(upstream:remotename)%00%(upstream:remoteref) refs/heads/master refs/remotes/master [3ms]
[2022-10-20T07:13:04.922Z] > git for-each-ref --sort -committerdate --format %(refname) %(objectname) %(*objectname) [12ms]
[2022-10-20T07:13:04.930Z] > git remote --verbose [11ms]
[2022-10-20T07:13:05.045Z] > git config --get commit.template [3ms]
[2022-10-20T07:13:10.106Z] > git status -z -uall [40ms]
[2022-10-20T07:13:10.121Z] > git symbolic-ref --short HEAD [3ms]
[2022-10-20T07:13:10.135Z] > git for-each-ref --format=%(refname)%00%(upstream:short)%00%(objectname)%00%(upstream:track)%00%(upstream:remotename)%00%(upstream:remoteref) refs/heads/master refs/remotes/master [2ms]
[2022-10-20T07:13:10.164Z] > git remote --verbose [2ms]
[2022-10-20T07:13:10.165Z] > git for-each-ref --sort -committerdate --format %(refname) %(objectname) %(*objectname) [16ms]
[2022-10-20T07:13:10.261Z] > git config --get commit.template [12ms]
[2022-10-20T07:13:15.317Z] > git status -z -uall [32ms]
[2022-10-20T07:13:15.331Z] > git symbolic-ref --short HEAD [2ms]
[2022-10-20T07:13:15.345Z] > git for-each-ref --format=%(refname)%00%(upstream:short)%00%(objectname)%00%(upstream:track)%00%(upstream:remotename)%00%(upstream:remoteref) refs/heads/master refs/remotes/master [3ms]
[2022-10-20T07:13:15.371Z] > git remote --verbose [3ms]
[2022-10-20T07:13:15.372Z] > git for-each-ref --sort -committerdate --format %(refname) %(objectname) %(*objectname) [15ms]
[2022-10-20T07:13:15.447Z] > git config --get commit.template [2ms]
[2022-10-20T07:20:50.721Z] > git status -z -uall [50ms]
[2022-10-20T07:20:50.736Z] > git symbolic-ref --short HEAD [3ms]
[2022-10-20T07:20:50.750Z] > git for-each-ref --format=%(refname)%00%(upstream:short)%00%(objectname)%00%(upstream:track)%00%(upstream:remotename)%00%(upstream:remoteref) refs/heads/master refs/remotes/master [1ms]
[2022-10-20T07:20:50.768Z] > git remote --verbose [3ms]
[2022-10-20T07:20:50.769Z] > git for-each-ref --sort -committerdate --format %(refname) %(objectname) %(*objectname) [12ms]
[2022-10-20T07:20:50.884Z] > git config --get commit.template [2ms]
[2022-10-20T07:20:55.942Z] > git status -z -uall [40ms]
[2022-10-20T07:20:55.955Z] > git symbolic-ref --short HEAD [1ms]
[2022-10-20T07:20:55.966Z] > git for-each-ref --format=%(refname)%00%(upstream:short)%00%(objectname)%00%(upstream:track)%00%(upstream:remotename)%00%(upstream:remoteref) refs/heads/master refs/remotes/master [1ms]
[2022-10-20T07:20:55.987Z] > git for-each-ref --sort -committerdate --format %(refname) %(objectname) %(*objectname) [10ms]
[2022-10-20T07:20:55.988Z] > git remote --verbose [3ms]
[2022-10-20T07:20:56.072Z] > git config --get commit.template [3ms]
[2022-10-20T07:21:01.127Z] > git status -z -uall [33ms]
[2022-10-20T07:21:01.143Z] > git symbolic-ref --short HEAD [2ms]
[2022-10-20T07:21:01.155Z] > git for-each-ref --format=%(refname)%00%(upstream:short)%00%(objectname)%00%(upstream:track)%00%(upstream:remotename)%00%(upstream:remoteref) refs/heads/master refs/remotes/master [2ms]
[2022-10-20T07:21:01.184Z] > git remote --verbose [3ms]
[2022-10-20T07:21:01.185Z] > git for-each-ref --sort -committerdate --format %(refname) %(objectname) %(*objectname) [16ms]
[2022-10-20T07:21:01.291Z] > git config --get commit.template [9ms]
[2022-10-20T07:21:06.353Z] > git status -z -uall [40ms]
[2022-10-20T07:21:06.369Z] > git symbolic-ref --short HEAD [2ms]
[2022-10-20T07:21:06.384Z] > git for-each-ref --format=%(refname)%00%(upstream:short)%00%(objectname)%00%(upstream:track)%00%(upstream:remotename)%00%(upstream:remoteref) refs/heads/master refs/remotes/master [2ms]
[2022-10-20T07:21:06.420Z] > git for-each-ref --sort -committerdate --format %(refname) %(objectname) %(*objectname) [24ms]
[2022-10-20T07:21:06.432Z] > git remote --verbose [14ms]
[2022-10-20T07:21:06.501Z] > git config --get commit.template [4ms]
[2022-10-20T07:21:11.565Z] > git status -z -uall [44ms]
[2022-10-20T07:21:11.580Z] > git symbolic-ref --short HEAD [2ms]
[2022-10-20T07:21:11.611Z] > git for-each-ref --format=%(refname)%00%(upstream:short)%00%(objectname)%00%(upstream:track)%00%(upstream:remotename)%00%(upstream:remoteref) refs/heads/master refs/remotes/master [22ms]
[2022-10-20T07:21:11.638Z] > git for-each-ref --sort -committerdate --format %(refname) %(objectname) %(*objectname) [13ms]
[2022-10-20T07:21:11.640Z] > git remote --verbose [4ms]
[2022-10-20T07:21:11.722Z] > git config --get commit.template [4ms]
[2022-10-20T07:21:16.775Z] > git status -z -uall [33ms]
[2022-10-20T07:21:16.792Z] > git symbolic-ref --short HEAD [1ms]
[2022-10-20T07:21:16.804Z] > git for-each-ref --format=%(refname)%00%(upstream:short)%00%(objectname)%00%(upstream:track)%00%(upstream:remotename)%00%(upstream:remoteref) refs/heads/master refs/remotes/master [3ms]
[2022-10-20T07:21:16.831Z] > git remote --verbose [3ms]
[2022-10-20T07:21:16.831Z] > git for-each-ref --sort -committerdate --format %(refname) %(objectname) %(*objectname) [14ms]
[2022-10-20T07:21:16.914Z] > git config --get commit.template [8ms]
[2022-10-20T07:21:21.979Z] > git status -z -uall [41ms]
[2022-10-20T07:21:21.995Z] > git symbolic-ref --short HEAD [2ms]
[2022-10-20T07:21:22.011Z] > git for-each-ref --format=%(refname)%00%(upstream:short)%00%(objectname)%00%(upstream:track)%00%(upstream:remotename)%00%(upstream:remoteref) refs/heads/master refs/remotes/master [2ms]
[2022-10-20T07:21:22.036Z] > git remote --verbose [3ms]
[2022-10-20T07:21:22.037Z] > git for-each-ref --sort -committerdate --format %(refname) %(objectname) %(*objectname) [16ms]
[2022-10-20T07:21:22.139Z] > git config --get commit.template [9ms]
[2022-10-20T07:21:24.792Z] > git check-ignore -v -z --stdin [6ms]
[2022-10-20T07:21:27.196Z] > git status -z -uall [38ms]
[2022-10-20T07:21:27.212Z] > git symbolic-ref --short HEAD [2ms]
[2022-10-20T07:21:27.227Z] > git for-each-ref --format=%(refname)%00%(upstream:short)%00%(objectname)%00%(upstream:track)%00%(upstream:remotename)%00%(upstream:remoteref) refs/heads/master refs/remotes/master [4ms]
[2022-10-20T07:21:27.251Z] > git remote --verbose [2ms]
[2022-10-20T07:21:27.252Z] > git for-each-ref --sort -committerdate --format %(refname) %(objectname) %(*objectname) [14ms]
[2022-10-20T07:21:27.328Z] > git config --get commit.template [3ms]
[2022-10-20T07:21:32.386Z] > git status -z -uall [37ms]
[2022-10-20T07:21:32.400Z] > git symbolic-ref --short HEAD [3ms]
[2022-10-20T07:21:32.414Z] > git for-each-ref --format=%(refname)%00%(upstream:short)%00%(objectname)%00%(upstream:track)%00%(upstream:remotename)%00%(upstream:remoteref) refs/heads/master refs/remotes/master [2ms]
[2022-10-20T07:21:32.436Z] > git remote --verbose [3ms]
[2022-10-20T07:21:32.437Z] > git for-each-ref --sort -committerdate --format %(refname) %(objectname) %(*objectname) [12ms]
[2022-10-20T07:21:32.527Z] > git config --get commit.template [11ms]
[2022-10-20T07:21:37.604Z] > git status -z -uall [53ms]
[2022-10-20T07:21:37.627Z] > git symbolic-ref --short HEAD [10ms]
[2022-10-20T07:21:37.659Z] > git for-each-ref --format=%(refname)%00%(upstream:short)%00%(objectname)%00%(upstream:track)%00%(upstream:remotename)%00%(upstream:remoteref) refs/heads/master refs/remotes/master [18ms]
[2022-10-20T07:21:37.683Z] > git for-each-ref --sort -committerdate --format %(refname) %(objectname) %(*objectname) [11ms]
[2022-10-20T07:21:37.684Z] > git remote --verbose [3ms]
[2022-10-20T07:21:37.768Z] > git config --get commit.template [2ms]
[2022-10-20T07:21:42.825Z] > git status -z -uall [31ms]
[2022-10-20T07:21:42.843Z] > git symbolic-ref --short HEAD [2ms]
[2022-10-20T07:21:42.859Z] > git for-each-ref --format=%(refname)%00%(upstream:short)%00%(objectname)%00%(upstream:track)%00%(upstream:remotename)%00%(upstream:remoteref) refs/heads/master refs/remotes/master [2ms]
[2022-10-20T07:21:42.892Z] > git remote --verbose [3ms]
[2022-10-20T07:21:42.892Z] > git for-each-ref --sort -committerdate --format %(refname) %(objectname) %(*objectname) [18ms]
[2022-10-20T07:21:42.979Z] > git config --get commit.template [9ms]
[2022-10-20T07:21:48.047Z] > git status -z -uall [45ms]
[2022-10-20T07:21:48.065Z] > git symbolic-ref --short HEAD [2ms]
[2022-10-20T07:21:48.081Z] > git for-each-ref --format=%(refname)%00%(upstream:short)%00%(objectname)%00%(upstream:track)%00%(upstream:remotename)%00%(upstream:remoteref) refs/heads/master refs/remotes/master [4ms]
[2022-10-20T07:21:48.117Z] > git remote --verbose [4ms]
[2022-10-20T07:21:48.118Z] > git for-each-ref --sort -committerdate --format %(refname) %(objectname) %(*objectname) [20ms]
[2022-10-20T07:21:48.223Z] > git config --get commit.template [9ms]
[2022-10-20T07:21:53.283Z] > git status -z -uall [36ms]
[2022-10-20T07:21:53.300Z] > git symbolic-ref --short HEAD [2ms]
[2022-10-20T07:21:53.315Z] > git for-each-ref --format=%(refname)%00%(upstream:short)%00%(objectname)%00%(upstream:track)%00%(upstream:remotename)%00%(upstream:remoteref) refs/heads/master refs/remotes/master [2ms]
[2022-10-20T07:21:53.344Z] > git remote --verbose [3ms]
[2022-10-20T07:21:53.345Z] > git for-each-ref --sort -committerdate --format %(refname) %(objectname) %(*objectname) [16ms]
[2022-10-20T07:21:53.433Z] > git config --get commit.template [9ms]
[2022-10-20T07:21:58.488Z] > git status -z -uall [34ms]
[2022-10-20T07:21:58.509Z] > git symbolic-ref --short HEAD [2ms]
[2022-10-20T07:21:58.524Z] > git for-each-ref --format=%(refname)%00%(upstream:short)%00%(objectname)%00%(upstream:track)%00%(upstream:remotename)%00%(upstream:remoteref) refs/heads/master refs/remotes/master [3ms]
[2022-10-20T07:21:58.552Z] > git remote --verbose [3ms]
[2022-10-20T07:21:58.552Z] > git for-each-ref --sort -committerdate --format %(refname) %(objectname) %(*objectname) [14ms]
[2022-10-20T07:21:58.648Z] > git config --get commit.template [10ms]
[2022-10-20T07:22:03.709Z] > git status -z -uall [39ms]
[2022-10-20T07:22:03.730Z] > git symbolic-ref --short HEAD [2ms]
[2022-10-20T07:22:03.762Z] > git for-each-ref --format=%(refname)%00%(upstream:short)%00%(objectname)%00%(upstream:track)%00%(upstream:remotename)%00%(upstream:remoteref) refs/heads/master refs/remotes/master [2ms]
[2022-10-20T07:22:03.807Z] > git for-each-ref --sort -committerdate --format %(refname) %(objectname) %(*objectname) [16ms]
[2022-10-20T07:22:03.822Z] > git remote --verbose [18ms]
[2022-10-20T07:22:03.908Z] > git config --get commit.template [2ms]
[2022-10-20T07:22:08.965Z] > git status -z -uall [36ms]
[2022-10-20T07:22:08.983Z] > git symbolic-ref --short HEAD [2ms]
[2022-10-20T07:22:09.001Z] > git for-each-ref --format=%(refname)%00%(upstream:short)%00%(objectname)%00%(upstream:track)%00%(upstream:remotename)%00%(upstream:remoteref) refs/heads/master refs/remotes/master [2ms]
[2022-10-20T07:22:09.032Z] > git remote --verbose [3ms]
[2022-10-20T07:22:09.032Z] > git for-each-ref --sort -committerdate --format %(refname) %(objectname) %(*objectname) [18ms]
[2022-10-20T07:22:09.122Z] > git config --get commit.template [9ms]
[2022-10-20T07:22:14.180Z] > git status -z -uall [34ms]
[2022-10-20T07:22:14.200Z] > git symbolic-ref --short HEAD [3ms]
[2022-10-20T07:22:14.218Z] > git for-each-ref --format=%(refname)%00%(upstream:short)%00%(objectname)%00%(upstream:track)%00%(upstream:remotename)%00%(upstream:remoteref) refs/heads/master refs/remotes/master [2ms]
[2022-10-20T07:22:14.248Z] > git for-each-ref --sort -committerdate --format %(refname) %(objectname) %(*objectname) [15ms]
[2022-10-20T07:22:14.249Z] > git remote --verbose [4ms]
[2022-10-20T07:22:14.330Z] > git config --get commit.template [9ms]
[2022-10-20T07:22:19.383Z] > git status -z -uall [30ms]
[2022-10-20T07:22:19.398Z] > git symbolic-ref --short HEAD [1ms]
[2022-10-20T07:22:19.412Z] > git for-each-ref --format=%(refname)%00%(upstream:short)%00%(objectname)%00%(upstream:track)%00%(upstream:remotename)%00%(upstream:remoteref) refs/heads/master refs/remotes/master [3ms]
[2022-10-20T07:22:19.440Z] > git remote --verbose [3ms]
[2022-10-20T07:22:19.440Z] > git for-each-ref --sort -committerdate --format %(refname) %(objectname) %(*objectname) [15ms]
[2022-10-20T07:22:19.541Z] > git config --get commit.template [10ms]
[2022-10-20T07:22:24.610Z] > git status -z -uall [44ms]
[2022-10-20T07:22:24.628Z] > git symbolic-ref --short HEAD [3ms]
[2022-10-20T07:22:24.643Z] > git for-each-ref --format=%(refname)%00%(upstream:short)%00%(objectname)%00%(upstream:track)%00%(upstream:remotename)%00%(upstream:remoteref) refs/heads/master refs/remotes/master [2ms]
[2022-10-20T07:22:24.671Z] > git remote --verbose [2ms]
[2022-10-20T07:22:24.672Z] > git for-each-ref --sort -committerdate --format %(refname) %(objectname) %(*objectname) [15ms]
[2022-10-20T07:22:24.743Z] > git config --get commit.template [1ms]
[2022-10-20T07:22:29.793Z] > git status -z -uall [28ms]
[2022-10-20T07:22:29.808Z] > git symbolic-ref --short HEAD [3ms]
[2022-10-20T07:22:29.818Z] > git for-each-ref --format=%(refname)%00%(upstream:short)%00%(objectname)%00%(upstream:track)%00%(upstream:remotename)%00%(upstream:remoteref) refs/heads/master refs/remotes/master [1ms]
[2022-10-20T07:22:29.832Z] > git for-each-ref --sort -committerdate --format %(refname) %(objectname) %(*objectname) [7ms]
[2022-10-20T07:22:29.851Z] > git remote --verbose [20ms]
[2022-10-20T07:22:29.949Z] > git config --get commit.template [4ms]
[2022-10-20T07:22:35.010Z] > git status -z -uall [36ms]
[2022-10-20T07:22:35.029Z] > git symbolic-ref --short HEAD [3ms]
[2022-10-20T07:22:35.047Z] > git for-each-ref --format=%(refname)%00%(upstream:short)%00%(objectname)%00%(upstream:track)%00%(upstream:remotename)%00%(upstream:remoteref) refs/heads/master refs/remotes/master [2ms]
[2022-10-20T07:22:35.076Z] > git remote --verbose [3ms]
[2022-10-20T07:22:35.077Z] > git for-each-ref --sort -committerdate --format %(refname) %(objectname) %(*objectname) [16ms]
[2022-10-20T07:22:35.159Z] > git config --get commit.template [5ms]
[2022-10-20T07:22:40.217Z] > git status -z -uall [35ms]
[2022-10-20T07:22:40.234Z] > git symbolic-ref --short HEAD [1ms]
[2022-10-20T07:22:40.248Z] > git for-each-ref --format=%(refname)%00%(upstream:short)%00%(objectname)%00%(upstream:track)%00%(upstream:remotename)%00%(upstream:remoteref) refs/heads/master refs/remotes/master [3ms]
[2022-10-20T07:22:40.276Z] > git for-each-ref --sort -committerdate --format %(refname) %(objectname) %(*objectname) [13ms]
[2022-10-20T07:22:40.277Z] > git remote --verbose [4ms]
[2022-10-20T07:22:40.356Z] > git config --get commit.template [8ms]
[2022-10-20T07:22:45.419Z] > git status -z -uall [42ms]
[2022-10-20T07:22:45.436Z] > git symbolic-ref --short HEAD [3ms]
[2022-10-20T07:22:45.451Z] > git for-each-ref --format=%(refname)%00%(upstream:short)%00%(objectname)%00%(upstream:track)%00%(upstream:remotename)%00%(upstream:remoteref) refs/heads/master refs/remotes/master [2ms]
[2022-10-20T07:22:45.473Z] > git remote --verbose [2ms]
[2022-10-20T07:22:45.474Z] > git for-each-ref --sort -committerdate --format %(refname) %(objectname) %(*objectname) [13ms]
[2022-10-20T07:22:45.558Z] > git config --get commit.template [2ms]
[2022-10-20T07:22:50.622Z] > git status -z -uall [40ms]
[2022-10-20T07:22:50.641Z] > git symbolic-ref --short HEAD [1ms]
[2022-10-20T07:22:50.659Z] > git for-each-ref --format=%(refname)%00%(upstream:short)%00%(objectname)%00%(upstream:track)%00%(upstream:remotename)%00%(upstream:remoteref) refs/heads/master refs/remotes/master [2ms]
[2022-10-20T07:22:50.691Z] > git remote --verbose [2ms]
[2022-10-20T07:22:50.692Z] > git for-each-ref --sort -committerdate --format %(refname) %(objectname) %(*objectname) [19ms]
[2022-10-20T07:22:50.783Z] > git config --get commit.template [14ms]
[2022-10-20T07:22:55.833Z] > git status -z -uall [27ms]
[2022-10-20T07:22:55.849Z] > git symbolic-ref --short HEAD [1ms]
[2022-10-20T07:22:55.864Z] > git for-each-ref --format=%(refname)%00%(upstream:short)%00%(objectname)%00%(upstream:track)%00%(upstream:remotename)%00%(upstream:remoteref) refs/heads/master refs/remotes/master [3ms]
[2022-10-20T07:22:55.892Z] > git remote --verbose [3ms]
[2022-10-20T07:22:55.892Z] > git for-each-ref --sort -committerdate --format %(refname) %(objectname) %(*objectname) [15ms]
[2022-10-20T07:22:55.974Z] > git config --get commit.template [9ms]
[2022-10-20T07:23:01.032Z] > git status -z -uall [34ms]
[2022-10-20T07:23:01.046Z] > git symbolic-ref --short HEAD [1ms]
[2022-10-20T07:23:01.059Z] > git for-each-ref --format=%(refname)%00%(upstream:short)%00%(objectname)%00%(upstream:track)%00%(upstream:remotename)%00%(upstream:remoteref) refs/heads/master refs/remotes/master [2ms]
[2022-10-20T07:23:01.087Z] > git remote --verbose [2ms]
[2022-10-20T07:23:01.088Z] > git for-each-ref --sort -committerdate --format %(refname) %(objectname) %(*objectname) [19ms]
[2022-10-20T07:23:01.166Z] > git config --get commit.template [9ms]
[2022-10-20T07:23:06.218Z] > git status -z -uall [29ms]
[2022-10-20T07:23:06.239Z] > git symbolic-ref --short HEAD [6ms]
[2022-10-20T07:23:06.254Z] > git for-each-ref --format=%(refname)%00%(upstream:short)%00%(objectname)%00%(upstream:track)%00%(upstream:remotename)%00%(upstream:remoteref) refs/heads/master refs/remotes/master [1ms]
[2022-10-20T07:23:06.283Z] > git for-each-ref --sort -committerdate --format %(refname) %(objectname) %(*objectname) [15ms]
[2022-10-20T07:23:06.284Z] > git remote --verbose [3ms]
[2022-10-20T07:23:06.378Z] > git config --get commit.template [1ms]
[2022-10-20T07:23:11.446Z] > git status -z -uall [40ms]
[2022-10-20T07:23:11.466Z] > git symbolic-ref --short HEAD [2ms]
[2022-10-20T07:23:11.485Z] > git for-each-ref --format=%(refname)%00%(upstream:short)%00%(objectname)%00%(upstream:track)%00%(upstream:remotename)%00%(upstream:remoteref) refs/heads/master refs/remotes/master [2ms]
[2022-10-20T07:23:11.519Z] > git for-each-ref --sort -committerdate --format %(refname) %(objectname) %(*objectname) [16ms]
[2022-10-20T07:23:11.526Z] > git remote --verbose [10ms]
[2022-10-20T07:23:11.649Z] > git config --get commit.template [6ms]
[2022-10-20T07:23:16.683Z] > git status -z -uall [14ms]
[2022-10-20T07:23:16.698Z] > git symbolic-ref --short HEAD [1ms]
[2022-10-20T07:23:16.712Z] > git for-each-ref --format=%(refname)%00%(upstream:short)%00%(objectname)%00%(upstream:track)%00%(upstream:remotename)%00%(upstream:remoteref) refs/heads/master refs/remotes/master [1ms]
[2022-10-20T07:23:16.739Z] > git remote --verbose [2ms]
[2022-10-20T07:23:16.740Z] > git for-each-ref --sort -committerdate --format %(refname) %(objectname) %(*objectname) [15ms]
[2022-10-20T07:23:16.823Z] > git config --get commit.template [14ms]
[2022-10-20T07:23:38.118Z] > git status -z -uall [45ms]
[2022-10-20T07:23:38.136Z] > git symbolic-ref --short HEAD [2ms]
[2022-10-20T07:23:38.151Z] > git for-each-ref --format=%(refname)%00%(upstream:short)%00%(objectname)%00%(upstream:track)%00%(upstream:remotename)%00%(upstream:remoteref) refs/heads/master refs/remotes/master [2ms]
[2022-10-20T07:23:38.180Z] > git remote --verbose [3ms]
[2022-10-20T07:23:38.181Z] > git for-each-ref --sort -committerdate --format %(refname) %(objectname) %(*objectname) [16ms]
[2022-10-20T07:23:38.275Z] > git config --get commit.template [2ms]
[2022-10-20T07:23:41.940Z] > git show --textconv :index.php [17ms]
[2022-10-20T07:23:41.943Z] > git ls-files --stage -- /home/ruslik/index.php [6ms]
[2022-10-20T07:23:41.960Z] > git cat-file -s d403747f4bc5bb757f81c45918a10407e046513e [3ms]
[2022-10-20T07:23:43.330Z] > git status -z -uall [33ms]
[2022-10-20T07:23:43.346Z] > git symbolic-ref --short HEAD [2ms]
[2022-10-20T07:23:43.359Z] > git for-each-ref --format=%(refname)%00%(upstream:short)%00%(objectname)%00%(upstream:track)%00%(upstream:remotename)%00%(upstream:remoteref) refs/heads/master refs/remotes/master [2ms]
[2022-10-20T07:23:43.387Z] > git for-each-ref --sort -committerdate --format %(refname) %(objectname) %(*objectname) [14ms]
[2022-10-20T07:23:43.388Z] > git remote --verbose [3ms]
[2022-10-20T07:23:43.477Z] > git config --get commit.template [3ms]
[2022-10-20T07:23:48.533Z] > git status -z -uall [36ms]
[2022-10-20T07:23:48.550Z] > git symbolic-ref --short HEAD [1ms]
[2022-10-20T07:23:48.566Z] > git for-each-ref --format=%(refname)%00%(upstream:short)%00%(objectname)%00%(upstream:track)%00%(upstream:remotename)%00%(upstream:remoteref) refs/heads/master refs/remotes/master [2ms]
[2022-10-20T07:23:48.595Z] > git remote --verbose [2ms]
[2022-10-20T07:23:48.596Z] > git for-each-ref --sort -committerdate --format %(refname) %(objectname) %(*objectname) [15ms]
[2022-10-20T07:23:48.687Z] > git config --get commit.template [10ms]
[2022-10-20T07:23:55.032Z] > git status -z -uall [46ms]
[2022-10-20T07:23:55.052Z] > git symbolic-ref --short HEAD [1ms]
[2022-10-20T07:23:55.067Z] > git for-each-ref --format=%(refname)%00%(upstream:short)%00%(objectname)%00%(upstream:track)%00%(upstream:remotename)%00%(upstream:remoteref) refs/heads/master refs/remotes/master [2ms]
[2022-10-20T07:23:55.096Z] > git remote --verbose [3ms]
[2022-10-20T07:23:55.096Z] > git for-each-ref --sort -committerdate --format %(refname) %(objectname) %(*objectname) [15ms]
[2022-10-20T07:23:55.200Z] > git config --get commit.template [11ms]
[2022-10-20T07:24:00.261Z] > git status -z -uall [40ms]
[2022-10-20T07:24:00.279Z] > git symbolic-ref --short HEAD [2ms]
[2022-10-20T07:24:00.295Z] > git for-each-ref --format=%(refname)%00%(upstream:short)%00%(objectname)%00%(upstream:track)%00%(upstream:remotename)%00%(upstream:remoteref) refs/heads/master refs/remotes/master [2ms]
[2022-10-20T07:24:00.324Z] > git for-each-ref --sort -committerdate --format %(refname) %(objectname) %(*objectname) [15ms]
[2022-10-20T07:24:00.324Z] > git remote --verbose [3ms]
[2022-10-20T07:24:00.422Z] > git config --get commit.template [9ms]
[2022-10-20T07:24:05.486Z] > git status -z -uall [41ms]
[2022-10-20T07:24:05.503Z] > git symbolic-ref --short HEAD [2ms]
[2022-10-20T07:24:05.519Z] > git for-each-ref --format=%(refname)%00%(upstream:short)%00%(objectname)%00%(upstream:track)%00%(upstream:remotename)%00%(upstream:remoteref) refs/heads/master refs/remotes/master [3ms]
[2022-10-20T07:24:05.549Z] > git for-each-ref --sort -committerdate --format %(refname) %(objectname) %(*objectname) [16ms]
[2022-10-20T07:24:05.552Z] > git remote --verbose [5ms]
[2022-10-20T07:24:05.642Z] > git config --get commit.template [11ms]
[2022-10-20T07:24:10.708Z] > git status -z -uall [47ms]
[2022-10-20T07:24:10.727Z] > git symbolic-ref --short HEAD [2ms]
[2022-10-20T07:24:10.742Z] > git for-each-ref --format=%(refname)%00%(upstream:short)%00%(objectname)%00%(upstream:track)%00%(upstream:remotename)%00%(upstream:remoteref) refs/heads/master refs/remotes/master [1ms]
[2022-10-20T07:24:10.771Z] > git for-each-ref --sort -committerdate --format %(refname) %(objectname) %(*objectname) [14ms]
[2022-10-20T07:24:10.771Z] > git remote --verbose [2ms]
[2022-10-20T07:24:10.848Z] > git config --get commit.template [7ms]
[2022-10-20T07:24:15.901Z] > git status -z -uall [35ms]
[2022-10-20T07:24:15.922Z] > git symbolic-ref --short HEAD [2ms]
[2022-10-20T07:24:15.948Z] > git for-each-ref --format=%(refname)%00%(upstream:short)%00%(objectname)%00%(upstream:track)%00%(upstream:remotename)%00%(upstream:remoteref) refs/heads/master refs/remotes/master [3ms]
[2022-10-20T07:24:15.981Z] > git for-each-ref --sort -committerdate --format %(refname) %(objectname) %(*objectname) [16ms]
[2022-10-20T07:24:15.997Z] > git remote --verbose [19ms]
[2022-10-20T07:24:16.122Z] > git config --get commit.template [3ms]
[2022-10-20T07:24:17.159Z] > git check-ignore -v -z --stdin [2ms]
[2022-10-20T07:24:21.175Z] > git status -z -uall [30ms]
[2022-10-20T07:24:21.196Z] > git symbolic-ref --short HEAD [3ms]
[2022-10-20T07:24:21.214Z] > git for-each-ref --format=%(refname)%00%(upstream:short)%00%(objectname)%00%(upstream:track)%00%(upstream:remotename)%00%(upstream:remoteref) refs/heads/master refs/remotes/master [1ms]
[2022-10-20T07:24:21.258Z] > git remote --verbose [13ms]
[2022-10-20T07:24:21.258Z] > git for-each-ref --sort -committerdate --format %(refname) %(objectname) %(*objectname) [29ms]
[2022-10-20T07:24:21.357Z] > git config --get commit.template [12ms]
[2022-10-20T07:24:26.418Z] > git status -z -uall [37ms]
[2022-10-20T07:24:26.440Z] > git symbolic-ref --short HEAD [2ms]
[2022-10-20T07:24:26.458Z] > git for-each-ref --format=%(refname)%00%(upstream:short)%00%(objectname)%00%(upstream:track)%00%(upstream:remotename)%00%(upstream:remoteref) refs/heads/master refs/remotes/master [1ms]
[2022-10-20T07:24:26.491Z] > git remote --verbose [3ms]
[2022-10-20T07:24:26.491Z] > git for-each-ref --sort -committerdate --format %(refname) %(objectname) %(*objectname) [18ms]
[2022-10-20T07:24:26.594Z] > git config --get commit.template [9ms]
[2022-10-20T07:24:31.650Z] > git status -z -uall [29ms]
[2022-10-20T07:24:31.670Z] > git symbolic-ref --short HEAD [1ms]
[2022-10-20T07:24:31.693Z] > git for-each-ref --format=%(refname)%00%(upstream:short)%00%(objectname)%00%(upstream:track)%00%(upstream:remotename)%00%(upstream:remoteref) refs/heads/master refs/remotes/master [12ms]
[2022-10-20T07:24:31.724Z] > git for-each-ref --sort -committerdate --format %(refname) %(objectname) %(*objectname) [16ms]
[2022-10-20T07:24:31.724Z] > git remote --verbose [3ms]
[2022-10-20T07:24:31.797Z] > git config --get commit.template [1ms]
[2022-10-20T07:24:36.869Z] > git status -z -uall [47ms]
[2022-10-20T07:24:36.890Z] > git symbolic-ref --short HEAD [2ms]
[2022-10-20T07:24:36.907Z] > git for-each-ref --format=%(refname)%00%(upstream:short)%00%(objectname)%00%(upstream:track)%00%(upstream:remotename)%00%(upstream:remoteref) refs/heads/master refs/remotes/master [2ms]
[2022-10-20T07:24:36.934Z] > git for-each-ref --sort -committerdate --format %(refname) %(objectname) %(*objectname) [14ms]
[2022-10-20T07:24:36.942Z] > git remote --verbose [10ms]
[2022-10-20T07:24:37.067Z] > git config --get commit.template [2ms]
[2022-10-20T07:24:42.129Z] > git status -z -uall [35ms]
[2022-10-20T07:24:42.147Z] > git symbolic-ref --short HEAD [1ms]
[2022-10-20T07:24:42.163Z] > git for-each-ref --format=%(refname)%00%(upstream:short)%00%(objectname)%00%(upstream:track)%00%(upstream:remotename)%00%(upstream:remoteref) refs/heads/master refs/remotes/master [2ms]
[2022-10-20T07:24:42.196Z] > git remote --verbose [3ms]
[2022-10-20T07:24:42.196Z] > git for-each-ref --sort -committerdate --format %(refname) %(objectname) %(*objectname) [19ms]
[2022-10-20T07:24:42.283Z] > git config --get commit.template [10ms]
[2022-10-20T07:25:07.178Z] > git status -z -uall [37ms]
[2022-10-20T07:25:07.195Z] > git symbolic-ref --short HEAD [2ms]
[2022-10-20T07:25:07.217Z] > git for-each-ref --format=%(refname)%00%(upstream:short)%00%(objectname)%00%(upstream:track)%00%(upstream:remotename)%00%(upstream:remoteref) refs/heads/master refs/remotes/master [7ms]
[2022-10-20T07:25:07.246Z] > git remote --verbose [3ms]
[2022-10-20T07:25:07.247Z] > git for-each-ref --sort -committerdate --format %(refname) %(objectname) %(*objectname) [17ms]
[2022-10-20T07:25:07.347Z] > git config --get commit.template [2ms]
[2022-10-20T07:25:12.407Z] > git status -z -uall [38ms]
[2022-10-20T07:25:12.432Z] > git symbolic-ref --short HEAD [7ms]
[2022-10-20T07:25:12.450Z] > git for-each-ref --format=%(refname)%00%(upstream:short)%00%(objectname)%00%(upstream:track)%00%(upstream:remotename)%00%(upstream:remoteref) refs/heads/master refs/remotes/master [1ms]
[2022-10-20T07:25:12.479Z] > git remote --verbose [2ms]
[2022-10-20T07:25:12.479Z] > git for-each-ref --sort -committerdate --format %(refname) %(objectname) %(*objectname) [16ms]
[2022-10-20T07:25:12.580Z] > git config --get commit.template [3ms]
[2022-10-20T07:25:17.639Z] > git status -z -uall [40ms]
[2022-10-20T07:25:17.655Z] > git symbolic-ref --short HEAD [2ms]
[2022-10-20T07:25:17.677Z] > git for-each-ref --format=%(refname)%00%(upstream:short)%00%(objectname)%00%(upstream:track)%00%(upstream:remotename)%00%(upstream:remoteref) refs/heads/master refs/remotes/master [3ms]
[2022-10-20T07:25:17.708Z] > git remote --verbose [3ms]
[2022-10-20T07:25:17.709Z] > git for-each-ref --sort -committerdate --format %(refname) %(objectname) %(*objectname) [16ms]
[2022-10-20T07:25:17.805Z] > git config --get commit.template [9ms]
[2022-10-20T07:25:22.865Z] > git status -z -uall [36ms]
[2022-10-20T07:25:22.882Z] > git symbolic-ref --short HEAD [1ms]
[2022-10-20T07:25:22.898Z] > git for-each-ref --format=%(refname)%00%(upstream:short)%00%(objectname)%00%(upstream:track)%00%(upstream:remotename)%00%(upstream:remoteref) refs/heads/master refs/remotes/master [1ms]
[2022-10-20T07:25:22.927Z] > git remote --verbose [2ms]
[2022-10-20T07:25:22.928Z] > git for-each-ref --sort -committerdate --format %(refname) %(objectname) %(*objectname) [15ms]
[2022-10-20T07:25:23.007Z] > git config --get commit.template [1ms]
