*
* Visual Studio Code Server
*
* By using the software, you agree to
* the Visual Studio Code Server License Terms (https://aka.ms/vscode-server-license) and
* the Microsoft Privacy Statement (https://privacy.microsoft.com/en-US/privacystatement).
*
Server bound to 127.0.0.1:35863 (IPv4)
Extension host agent listening on 35863

[07:19:10] Extension host agent started.
[07:19:11] [127.0.0.1][c2518cbd][ManagementConnection] New connection established.
[07:19:11] [127.0.0.1][4622ad2a][ExtensionHostConnection] New connection established.
[07:19:11] [127.0.0.1][4622ad2a][ExtensionHostConnection] <3067> Launched Extension Host Process.
[IPC Library: Pty Host]  WARN Shell integration cannot be enabled for executable "/bin/sh" and args [
  '-c',
  'wget --version > /dev/null\n' +
    'if [ $? -eq 0 ]\n' +
    'then\n' +
    "\twget --connect-timeout=7 --tries=1 --dns-timeout=7 -q --header='Metadata:true' -O - http://169.254.169.254/metadata/instance?api-version=2019-03-11\n" +
    'else\n' +
    '\tcurl --version > /dev/null\n' +
    '\tif [ $? -eq 0 ]\n' +
    '\tthen\n' +
    "\t\tcurl --connect-timeout 7 -s --header='Metadata:true' http://169.254.169.254/metadata/instance?api-version=2019-03-11\n" +
    '\tfi\n' +
    'fi\n' +
    'exit 0'
]
[IPC Library: Pty Host]  WARN Shell integration cannot be enabled for executable "/bin/sh" and args [
  '-c',
  'wget --version > /dev/null\n' +
    'if [ $? -eq 0 ]\n' +
    'then\n' +
    '\twget --connect-timeout=7 --tries=1 --dns-timeout=7 -q  -O - http://169.254.169.254/latest/meta-data/instance-id\n' +
    'else\n' +
    '\tcurl --version > /dev/null\n' +
    '\tif [ $? -eq 0 ]\n' +
    '\tthen\n' +
    '\t\tcurl --connect-timeout 7 -s  http://169.254.169.254/latest/meta-data/instance-id\n' +
    '\tfi\n' +
    'fi\n' +
    'exit 0'
]
[IPC Library: Pty Host]  WARN Shell integration cannot be enabled for executable "/bin/sh" and args [
  '-c',
  'wget --version > /dev/null\n' +
    'if [ $? -eq 0 ]\n' +
    'then\n' +
    '\twget --connect-timeout=7 --tries=1 --dns-timeout=7 -q  -O - http://169.254.169.254/metadata/v1/id\n' +
    'else\n' +
    '\tcurl --version > /dev/null\n' +
    '\tif [ $? -eq 0 ]\n' +
    '\tthen\n' +
    '\t\tcurl --connect-timeout 7 -s  http://169.254.169.254/metadata/v1/id\n' +
    '\tfi\n' +
    'fi\n' +
    'exit 0'
]
[IPC Library: Pty Host]  WARN Shell integration cannot be enabled for executable "/bin/sh" and args [
  '-c',
  'wget --version > /dev/null\n' +
    'if [ $? -eq 0 ]\n' +
    'then\n' +
    "\twget --connect-timeout=7 --tries=1 --dns-timeout=7 -q --header='Metadata-Flavor:Google' -O - http://metadata.google.internal/computeMetadata/v1/instance/id\n" +
    'else\n' +
    '\tcurl --version > /dev/null\n' +
    '\tif [ $? -eq 0 ]\n' +
    '\tthen\n' +
    "\t\tcurl --connect-timeout 7 -s --header='Metadata-Flavor:Google' http://metadata.google.internal/computeMetadata/v1/instance/id\n" +
    '\tfi\n' +
    'fi\n' +
    'exit 0'
]
[07:19:23] [127.0.0.1][c2518cbd][ManagementConnection] The client has disconnected gracefully, so the connection will be disposed.
[07:19:23] [127.0.0.1][4622ad2a][ExtensionHostConnection] <3067> Extension Host Process exited with code: 0, signal: null.
Last EH closed, waiting before shutting down
[07:19:23] Last EH closed, waiting before shutting down
Got delay-shutdown request while in shutdown timeout, delaying
[07:19:31] Got delay-shutdown request while in shutdown timeout, delaying
Cancelling previous shutdown timeout
[07:19:31] Cancelling previous shutdown timeout
[07:19:31] [127.0.0.1][e198cadc][ManagementConnection] New connection established.
[07:19:31] [127.0.0.1][cd77d568][ExtensionHostConnection] New connection established.
[07:19:31] [127.0.0.1][cd77d568][ExtensionHostConnection] <3233> Launched Extension Host Process.
[IPC Library: Pty Host]  WARN Shell integration cannot be enabled for executable "/bin/sh" and args [
  '-c',
  'wget --version > /dev/null\n' +
    'if [ $? -eq 0 ]\n' +
    'then\n' +
    "\twget --connect-timeout=7 --tries=1 --dns-timeout=7 -q --header='Metadata:true' -O - http://169.254.169.254/metadata/instance?api-version=2019-03-11\n" +
    'else\n' +
    '\tcurl --version > /dev/null\n' +
    '\tif [ $? -eq 0 ]\n' +
    '\tthen\n' +
    "\t\tcurl --connect-timeout 7 -s --header='Metadata:true' http://169.254.169.254/metadata/instance?api-version=2019-03-11\n" +
    '\tfi\n' +
    'fi\n' +
    'exit 0'
]
[IPC Library: Pty Host]  WARN Shell integration cannot be enabled for executable "/bin/sh" and args [
  '-c',
  'wget --version > /dev/null\n' +
    'if [ $? -eq 0 ]\n' +
    'then\n' +
    '\twget --connect-timeout=7 --tries=1 --dns-timeout=7 -q  -O - http://169.254.169.254/latest/meta-data/instance-id\n' +
    'else\n' +
    '\tcurl --version > /dev/null\n' +
    '\tif [ $? -eq 0 ]\n' +
    '\tthen\n' +
    '\t\tcurl --connect-timeout 7 -s  http://169.254.169.254/latest/meta-data/instance-id\n' +
    '\tfi\n' +
    'fi\n' +
    'exit 0'
]
[IPC Library: Pty Host]  WARN Shell integration cannot be enabled for executable "/bin/sh" and args [
  '-c',
  'wget --version > /dev/null\n' +
    'if [ $? -eq 0 ]\n' +
    'then\n' +
    '\twget --connect-timeout=7 --tries=1 --dns-timeout=7 -q  -O - http://169.254.169.254/metadata/v1/id\n' +
    'else\n' +
    '\tcurl --version > /dev/null\n' +
    '\tif [ $? -eq 0 ]\n' +
    '\tthen\n' +
    '\t\tcurl --connect-timeout 7 -s  http://169.254.169.254/metadata/v1/id\n' +
    '\tfi\n' +
    'fi\n' +
    'exit 0'
]
[IPC Library: Pty Host]  WARN Shell integration cannot be enabled for executable "/bin/sh" and args [
  '-c',
  'wget --version > /dev/null\n' +
    'if [ $? -eq 0 ]\n' +
    'then\n' +
    "\twget --connect-timeout=7 --tries=1 --dns-timeout=7 -q --header='Metadata-Flavor:Google' -O - http://metadata.google.internal/computeMetadata/v1/instance/id\n" +
    'else\n' +
    '\tcurl --version > /dev/null\n' +
    '\tif [ $? -eq 0 ]\n' +
    '\tthen\n' +
    "\t\tcurl --connect-timeout 7 -s --header='Metadata-Flavor:Google' http://metadata.google.internal/computeMetadata/v1/instance/id\n" +
    '\tfi\n' +
    'fi\n' +
    'exit 0'
]
rejected promise not handled within 1 second: CodeExpectedError: Could not find pty on pty host
stack trace: CodeExpectedError: Could not find pty on pty host,    at c._throwIfNoPty (/home/ruslik/.vscode-server/bin/74b1f979648cc44d385a2286793c226e611f59e7/out/vs/platform/terminal/node/ptyHostMain.js:23:36316),    at c.updateTitle (/home/ruslik/.vscode-server/bin/74b1f979648cc44d385a2286793c226e611f59e7/out/vs/platform/terminal/node/ptyHostMain.js:23:32064),    at Object.call (/home/ruslik/.vscode-server/bin/74b1f979648cc44d385a2286793c226e611f59e7/out/vs/platform/terminal/node/ptyHostMain.js:16:8386),    at u.onPromise (/home/ruslik/.vscode-server/bin/74b1f979648cc44d385a2286793c226e611f59e7/out/vs/platform/terminal/node/ptyHostMain.js:15:5851),    at u.onRawMessage (/home/ruslik/.vscode-server/bin/74b1f979648cc44d385a2286793c226e611f59e7/out/vs/platform/terminal/node/ptyHostMain.js:15:5234),    at /home/ruslik/.vscode-server/bin/74b1f979648cc44d385a2286793c226e611f59e7/out/vs/platform/terminal/node/ptyHostMain.js:15:4520,    at p.invoke (/home/ruslik/.vscode-server/bin/74b1f979648cc44d385a2286793c226e611f59e7/out/vs/platform/terminal/node/ptyHostMain.js:11:145),    at D.deliver (/home/ruslik/.vscode-server/bin/74b1f979648cc44d385a2286793c226e611f59e7/out/vs/platform/terminal/node/ptyHostMain.js:11:2275),    at T.fire (/home/ruslik/.vscode-server/bin/74b1f979648cc44d385a2286793c226e611f59e7/out/vs/platform/terminal/node/ptyHostMain.js:11:1853),    at process.Q (/home/ruslik/.vscode-server/bin/74b1f979648cc44d385a2286793c226e611f59e7/out/vs/platform/terminal/node/ptyHostMain.js:9:20703),    at process.emit (node:events:526:28),    at emit (node:internal/child_process:938:14),    at processTicksAndRejections (node:internal/process/task_queues:84:21)
[07:19:33] [Error [CodeExpectedError]: Could not find pty on pty host,    at c._throwIfNoPty (/home/ruslik/.vscode-server/bin/74b1f979648cc44d385a2286793c226e611f59e7/out/vs/platform/terminal/node/ptyHostMain.js:23:36316),    at c.updateTitle (/home/ruslik/.vscode-server/bin/74b1f979648cc44d385a2286793c226e611f59e7/out/vs/platform/terminal/node/ptyHostMain.js:23:32064),    at Object.call (/home/ruslik/.vscode-server/bin/74b1f979648cc44d385a2286793c226e611f59e7/out/vs/platform/terminal/node/ptyHostMain.js:16:8386),    at u.onPromise (/home/ruslik/.vscode-server/bin/74b1f979648cc44d385a2286793c226e611f59e7/out/vs/platform/terminal/node/ptyHostMain.js:15:5851),    at u.onRawMessage (/home/ruslik/.vscode-server/bin/74b1f979648cc44d385a2286793c226e611f59e7/out/vs/platform/terminal/node/ptyHostMain.js:15:5234),    at /home/ruslik/.vscode-server/bin/74b1f979648cc44d385a2286793c226e611f59e7/out/vs/platform/terminal/node/ptyHostMain.js:15:4520,    at p.invoke (/home/ruslik/.vscode-server/bin/74b1f979648cc44d385a2286793c226e611f59e7/out/vs/platform/terminal/node/ptyHostMain.js:11:145),    at D.deliver (/home/ruslik/.vscode-server/bin/74b1f979648cc44d385a2286793c226e611f59e7/out/vs/platform/terminal/node/ptyHostMain.js:11:2275),    at T.fire (/home/ruslik/.vscode-server/bin/74b1f979648cc44d385a2286793c226e611f59e7/out/vs/platform/terminal/node/ptyHostMain.js:11:1853),    at process.Q (/home/ruslik/.vscode-server/bin/74b1f979648cc44d385a2286793c226e611f59e7/out/vs/platform/terminal/node/ptyHostMain.js:9:20703),    at process.emit (node:events:526:28),    at emit (node:internal/child_process:938:14),    at processTicksAndRejections (node:internal/process/task_queues:84:21)]
[07:19:36] Getting Manifest... ms-azuretools.vscode-docker
[07:19:36] Installing extension: ms-azuretools.vscode-docker
[07:19:39] Downloaded extension: ms-azuretools.vscode-docker /home/ruslik/.vscode-server/data/CachedExtensionVSIXs/ms-azuretools.vscode-docker-1.23.1
[07:19:39] Extracted extension to /home/ruslik/.vscode-server/extensions/.a00c9215-6138-48c5-9c47-011168a2cf52: ms-azuretools.vscode-docker
[07:19:39] Renamed to /home/ruslik/.vscode-server/extensions/ms-azuretools.vscode-docker-1.23.1
[07:19:39] Extracting completed. ms-azuretools.vscode-docker
[07:19:39] Extension installed successfully: ms-azuretools.vscode-docker
New EH opened, aborting shutdown
[07:24:31] New EH opened, aborting shutdown
[08:23:37] [127.0.0.1][e198cadc][ManagementConnection] The client has disconnected gracefully, so the connection will be disposed.
[08:23:37] [127.0.0.1][cd77d568][ExtensionHostConnection] <3233> Extension Host Process exited with code: 0, signal: null.
Last EH closed, waiting before shutting down
[08:23:37] Last EH closed, waiting before shutting down
